{"level":"error","message":"✘ Failed to rebuild document Failed to parse config.wpgm: \n-- PARSING FAILED --------------------------------------------------\n\n  151 |       tren3.crearTren()\n  152 |       game.removeVisual(avisosramal.get(1))\n> 153 |   }\n      |   ^\n  154 | \n  155 |   keyboard.o().onPressDo{\n\nExpected one of the following: \n\n'@', 'class', 'const', 'describe', 'mixin', 'object', 'only', 'package', 'program', 'test', 'var', '{', EOF, comment, not \"}\r\n\r\n  \", whitespace\n","stack":"Error: Failed to parse config.wpgm: \n-- PARSING FAILED --------------------------------------------------\n\n  151 |       tren3.crearTren()\n  152 |       game.removeVisual(avisosramal.get(1))\n> 153 |   }\n      |   ^\n  154 | \n  155 |   keyboard.o().onPressDo{\n\nExpected one of the following: \n\n'@', 'class', 'const', 'describe', 'mixin', 'object', 'only', 'package', 'program', 'test', 'var', '{', EOF, comment, not \"}\r\n\r\n  \", whitespace\n\n    at c:\\Users\\usuario\\.vscode\\extensions\\uqbar.wollok-lsp-ide-0.5.3\\out\\server\\src\\server.js:2348:13026\n    at Array.map (<anonymous>)\n    at W1n (c:\\Users\\usuario\\.vscode\\extensions\\uqbar.wollok-lsp-ide-0.5.3\\out\\server\\src\\server.js:2348:12950)\n    at U2.buildEnvironmentFrom (c:\\Users\\usuario\\.vscode\\extensions\\uqbar.wollok-lsp-ide-0.5.3\\out\\server\\src\\server.js:2393:5254)\n    at U2.updateEnvironmentWith (c:\\Users\\usuario\\.vscode\\extensions\\uqbar.wollok-lsp-ide-0.5.3\\out\\server\\src\\server.js:2393:4989)\n    at JF (c:\\Users\\usuario\\.vscode\\extensions\\uqbar.wollok-lsp-ide-0.5.3\\out\\server\\src\\server.js:2393:7383)\n    at F3.invoke (c:\\Users\\usuario\\.vscode\\extensions\\uqbar.wollok-lsp-ide-0.5.3\\out\\server\\src\\server.js:3:157334)\n    at o.fire (c:\\Users\\usuario\\.vscode\\extensions\\uqbar.wollok-lsp-ide-0.5.3\\out\\server\\src\\server.js:3:158104)\n    at c:\\Users\\usuario\\.vscode\\extensions\\uqbar.wollok-lsp-ide-0.5.3\\out\\server\\src\\server.js:37:57871\n    at Zr (c:\\Users\\usuario\\.vscode\\extensions\\uqbar.wollok-lsp-ide-0.5.3\\out\\server\\src\\server.js:8:1561)","timestamp":"2025-12-16T10:15:06.546Z"}
{"level":"error","message":"✘ Failed to rebuild document Failed to parse config.wpgm: \n-- PARSING FAILED --------------------------------------------------\n\n  151 |       tren3.crearTren()\n  152 |       game.removeVisual(avisosramal.get(1))\n> 153 |   }\n      |   ^\n  154 | \n  155 |   keyboard.o().onPressDo{\n\nExpected one of the following: \n\n'@', 'class', 'const', 'describe', 'mixin', 'object', 'only', 'package', 'program', 'test', 'var', '{', EOF, comment, not \"}\r\n\r\n  \", whitespace\n","stack":"Error: Failed to parse config.wpgm: \n-- PARSING FAILED --------------------------------------------------\n\n  151 |       tren3.crearTren()\n  152 |       game.removeVisual(avisosramal.get(1))\n> 153 |   }\n      |   ^\n  154 | \n  155 |   keyboard.o().onPressDo{\n\nExpected one of the following: \n\n'@', 'class', 'const', 'describe', 'mixin', 'object', 'only', 'package', 'program', 'test', 'var', '{', EOF, comment, not \"}\r\n\r\n  \", whitespace\n\n    at c:\\Users\\usuario\\.vscode\\extensions\\uqbar.wollok-lsp-ide-0.5.3\\out\\server\\src\\server.js:2348:13026\n    at Array.map (<anonymous>)\n    at W1n (c:\\Users\\usuario\\.vscode\\extensions\\uqbar.wollok-lsp-ide-0.5.3\\out\\server\\src\\server.js:2348:12950)\n    at U2.buildEnvironmentFrom (c:\\Users\\usuario\\.vscode\\extensions\\uqbar.wollok-lsp-ide-0.5.3\\out\\server\\src\\server.js:2393:5254)\n    at U2.updateEnvironmentWith (c:\\Users\\usuario\\.vscode\\extensions\\uqbar.wollok-lsp-ide-0.5.3\\out\\server\\src\\server.js:2393:4989)\n    at JF (c:\\Users\\usuario\\.vscode\\extensions\\uqbar.wollok-lsp-ide-0.5.3\\out\\server\\src\\server.js:2393:7383)\n    at F3.invoke (c:\\Users\\usuario\\.vscode\\extensions\\uqbar.wollok-lsp-ide-0.5.3\\out\\server\\src\\server.js:3:157334)\n    at o.fire (c:\\Users\\usuario\\.vscode\\extensions\\uqbar.wollok-lsp-ide-0.5.3\\out\\server\\src\\server.js:3:158104)\n    at c:\\Users\\usuario\\.vscode\\extensions\\uqbar.wollok-lsp-ide-0.5.3\\out\\server\\src\\server.js:37:57871\n    at Zr (c:\\Users\\usuario\\.vscode\\extensions\\uqbar.wollok-lsp-ide-0.5.3\\out\\server\\src\\server.js:8:1561)","timestamp":"2025-12-16T10:15:06.694Z"}
{"level":"error","message":"✘ Failed to rebuild document Failed to parse config.wpgm: \n-- PARSING FAILED --------------------------------------------------\n\n  151 |       tren3.crearTren()\n  152 |       game.removeVisual(avisosramal.get(1))\n> 153 |   }\n      |   ^\n  154 | \n  155 |   keyboard.o().onPressDo{\n\nExpected one of the following: \n\n'@', 'class', 'const', 'describe', 'mixin', 'object', 'only', 'package', 'program', 'test', 'var', '{', EOF, comment, not \"}\r\n\r\n  \", whitespace\n","stack":"Error: Failed to parse config.wpgm: \n-- PARSING FAILED --------------------------------------------------\n\n  151 |       tren3.crearTren()\n  152 |       game.removeVisual(avisosramal.get(1))\n> 153 |   }\n      |   ^\n  154 | \n  155 |   keyboard.o().onPressDo{\n\nExpected one of the following: \n\n'@', 'class', 'const', 'describe', 'mixin', 'object', 'only', 'package', 'program', 'test', 'var', '{', EOF, comment, not \"}\r\n\r\n  \", whitespace\n\n    at c:\\Users\\usuario\\.vscode\\extensions\\uqbar.wollok-lsp-ide-0.5.3\\out\\server\\src\\server.js:2348:13026\n    at Array.map (<anonymous>)\n    at W1n (c:\\Users\\usuario\\.vscode\\extensions\\uqbar.wollok-lsp-ide-0.5.3\\out\\server\\src\\server.js:2348:12950)\n    at U2.buildEnvironmentFrom (c:\\Users\\usuario\\.vscode\\extensions\\uqbar.wollok-lsp-ide-0.5.3\\out\\server\\src\\server.js:2393:5254)\n    at U2.updateEnvironmentWith (c:\\Users\\usuario\\.vscode\\extensions\\uqbar.wollok-lsp-ide-0.5.3\\out\\server\\src\\server.js:2393:4989)\n    at JF (c:\\Users\\usuario\\.vscode\\extensions\\uqbar.wollok-lsp-ide-0.5.3\\out\\server\\src\\server.js:2393:7383)\n    at F3.invoke (c:\\Users\\usuario\\.vscode\\extensions\\uqbar.wollok-lsp-ide-0.5.3\\out\\server\\src\\server.js:3:157334)\n    at o.fire (c:\\Users\\usuario\\.vscode\\extensions\\uqbar.wollok-lsp-ide-0.5.3\\out\\server\\src\\server.js:3:158104)\n    at c:\\Users\\usuario\\.vscode\\extensions\\uqbar.wollok-lsp-ide-0.5.3\\out\\server\\src\\server.js:37:57871\n    at Zr (c:\\Users\\usuario\\.vscode\\extensions\\uqbar.wollok-lsp-ide-0.5.3\\out\\server\\src\\server.js:8:1561)","timestamp":"2025-12-16T10:15:08.267Z"}
{"level":"error","message":"✘ Failed to rebuild document Failed to parse config.wpgm: \n-- PARSING FAILED --------------------------------------------------\n\n  151 |       tren3.crearTren()\n  152 |       game.removeVisual(avisosramal.get(1))\n> 153 |   }\n      |   ^\n  154 | \n  155 |   keyboard.o().onPressDo{\n\nExpected one of the following: \n\n'@', 'class', 'const', 'describe', 'mixin', 'object', 'only', 'package', 'program', 'test', 'var', '{', EOF, comment, not \"}\r\n\r\n  \", whitespace\n","stack":"Error: Failed to parse config.wpgm: \n-- PARSING FAILED --------------------------------------------------\n\n  151 |       tren3.crearTren()\n  152 |       game.removeVisual(avisosramal.get(1))\n> 153 |   }\n      |   ^\n  154 | \n  155 |   keyboard.o().onPressDo{\n\nExpected one of the following: \n\n'@', 'class', 'const', 'describe', 'mixin', 'object', 'only', 'package', 'program', 'test', 'var', '{', EOF, comment, not \"}\r\n\r\n  \", whitespace\n\n    at c:\\Users\\usuario\\.vscode\\extensions\\uqbar.wollok-lsp-ide-0.5.3\\out\\server\\src\\server.js:2348:13026\n    at Array.map (<anonymous>)\n    at W1n (c:\\Users\\usuario\\.vscode\\extensions\\uqbar.wollok-lsp-ide-0.5.3\\out\\server\\src\\server.js:2348:12950)\n    at U2.buildEnvironmentFrom (c:\\Users\\usuario\\.vscode\\extensions\\uqbar.wollok-lsp-ide-0.5.3\\out\\server\\src\\server.js:2393:5254)\n    at U2.updateEnvironmentWith (c:\\Users\\usuario\\.vscode\\extensions\\uqbar.wollok-lsp-ide-0.5.3\\out\\server\\src\\server.js:2393:4989)\n    at JF (c:\\Users\\usuario\\.vscode\\extensions\\uqbar.wollok-lsp-ide-0.5.3\\out\\server\\src\\server.js:2393:7383)\n    at F3.invoke (c:\\Users\\usuario\\.vscode\\extensions\\uqbar.wollok-lsp-ide-0.5.3\\out\\server\\src\\server.js:3:157334)\n    at o.fire (c:\\Users\\usuario\\.vscode\\extensions\\uqbar.wollok-lsp-ide-0.5.3\\out\\server\\src\\server.js:3:158104)\n    at c:\\Users\\usuario\\.vscode\\extensions\\uqbar.wollok-lsp-ide-0.5.3\\out\\server\\src\\server.js:37:57871\n    at Zr (c:\\Users\\usuario\\.vscode\\extensions\\uqbar.wollok-lsp-ide-0.5.3\\out\\server\\src\\server.js:8:1561)","timestamp":"2025-12-16T10:15:08.620Z"}
{"level":"error","message":"✘ Failed to rebuild document Failed to parse config.wpgm: \n-- PARSING FAILED --------------------------------------------------\n\n  151 |       tren3.crearTren()\n  152 |       game.removeVisual(avisosramal.get(1))\n> 153 |   }\n      |   ^\n  154 | \n  155 |   keyboard.o().onPressDo{\n\nExpected one of the following: \n\n'@', 'class', 'const', 'describe', 'mixin', 'object', 'only', 'package', 'program', 'test', 'var', '{', EOF, comment, not \"}\r\n\r\n  \", whitespace\n","stack":"Error: Failed to parse config.wpgm: \n-- PARSING FAILED --------------------------------------------------\n\n  151 |       tren3.crearTren()\n  152 |       game.removeVisual(avisosramal.get(1))\n> 153 |   }\n      |   ^\n  154 | \n  155 |   keyboard.o().onPressDo{\n\nExpected one of the following: \n\n'@', 'class', 'const', 'describe', 'mixin', 'object', 'only', 'package', 'program', 'test', 'var', '{', EOF, comment, not \"}\r\n\r\n  \", whitespace\n\n    at c:\\Users\\usuario\\.vscode\\extensions\\uqbar.wollok-lsp-ide-0.5.3\\out\\server\\src\\server.js:2348:13026\n    at Array.map (<anonymous>)\n    at W1n (c:\\Users\\usuario\\.vscode\\extensions\\uqbar.wollok-lsp-ide-0.5.3\\out\\server\\src\\server.js:2348:12950)\n    at U2.buildEnvironmentFrom (c:\\Users\\usuario\\.vscode\\extensions\\uqbar.wollok-lsp-ide-0.5.3\\out\\server\\src\\server.js:2393:5254)\n    at U2.updateEnvironmentWith (c:\\Users\\usuario\\.vscode\\extensions\\uqbar.wollok-lsp-ide-0.5.3\\out\\server\\src\\server.js:2393:4989)\n    at JF (c:\\Users\\usuario\\.vscode\\extensions\\uqbar.wollok-lsp-ide-0.5.3\\out\\server\\src\\server.js:2393:7383)\n    at F3.invoke (c:\\Users\\usuario\\.vscode\\extensions\\uqbar.wollok-lsp-ide-0.5.3\\out\\server\\src\\server.js:3:157334)\n    at o.fire (c:\\Users\\usuario\\.vscode\\extensions\\uqbar.wollok-lsp-ide-0.5.3\\out\\server\\src\\server.js:3:158104)\n    at c:\\Users\\usuario\\.vscode\\extensions\\uqbar.wollok-lsp-ide-0.5.3\\out\\server\\src\\server.js:37:57871\n    at Zr (c:\\Users\\usuario\\.vscode\\extensions\\uqbar.wollok-lsp-ide-0.5.3\\out\\server\\src\\server.js:8:1561)","timestamp":"2025-12-16T10:15:08.726Z"}
{"level":"error","message":"✘ Failed to rebuild document Failed to parse config.wpgm: \n-- PARSING FAILED --------------------------------------------------\n\n  151 |       tren3.crearTren()\n  152 |       game.removeVisual(avisosramal.get(1))\n> 153 |   }\n      |   ^\n  154 | \n  155 |   keyboard.o().onPressDo{\n\nExpected one of the following: \n\n'@', 'class', 'const', 'describe', 'mixin', 'object', 'only', 'package', 'program', 'test', 'var', '{', EOF, comment, not \"}\r\n\r\n  \", whitespace\n","stack":"Error: Failed to parse config.wpgm: \n-- PARSING FAILED --------------------------------------------------\n\n  151 |       tren3.crearTren()\n  152 |       game.removeVisual(avisosramal.get(1))\n> 153 |   }\n      |   ^\n  154 | \n  155 |   keyboard.o().onPressDo{\n\nExpected one of the following: \n\n'@', 'class', 'const', 'describe', 'mixin', 'object', 'only', 'package', 'program', 'test', 'var', '{', EOF, comment, not \"}\r\n\r\n  \", whitespace\n\n    at c:\\Users\\usuario\\.vscode\\extensions\\uqbar.wollok-lsp-ide-0.5.3\\out\\server\\src\\server.js:2348:13026\n    at Array.map (<anonymous>)\n    at W1n (c:\\Users\\usuario\\.vscode\\extensions\\uqbar.wollok-lsp-ide-0.5.3\\out\\server\\src\\server.js:2348:12950)\n    at U2.buildEnvironmentFrom (c:\\Users\\usuario\\.vscode\\extensions\\uqbar.wollok-lsp-ide-0.5.3\\out\\server\\src\\server.js:2393:5254)\n    at U2.updateEnvironmentWith (c:\\Users\\usuario\\.vscode\\extensions\\uqbar.wollok-lsp-ide-0.5.3\\out\\server\\src\\server.js:2393:4989)\n    at JF (c:\\Users\\usuario\\.vscode\\extensions\\uqbar.wollok-lsp-ide-0.5.3\\out\\server\\src\\server.js:2393:7383)\n    at F3.invoke (c:\\Users\\usuario\\.vscode\\extensions\\uqbar.wollok-lsp-ide-0.5.3\\out\\server\\src\\server.js:3:157334)\n    at o.fire (c:\\Users\\usuario\\.vscode\\extensions\\uqbar.wollok-lsp-ide-0.5.3\\out\\server\\src\\server.js:3:158104)\n    at c:\\Users\\usuario\\.vscode\\extensions\\uqbar.wollok-lsp-ide-0.5.3\\out\\server\\src\\server.js:37:57871\n    at Zr (c:\\Users\\usuario\\.vscode\\extensions\\uqbar.wollok-lsp-ide-0.5.3\\out\\server\\src\\server.js:8:1561)","timestamp":"2025-12-16T10:15:09.096Z"}
{"level":"error","message":"✘ Failed to rebuild document Failed to parse config.wpgm: \n-- PARSING FAILED --------------------------------------------------\n\n  151 |       tren3.crearTren()\n  152 |       game.removeVisual(avisosramal.get(1))\n> 153 |   }\n      |   ^\n  154 | \n  155 |   keyboard.o().onPressDo{\n\nExpected one of the following: \n\n'@', 'class', 'const', 'describe', 'mixin', 'object', 'only', 'package', 'program', 'test', 'var', '{', EOF, comment, not \"}\r\n\r\n  \", whitespace\n","stack":"Error: Failed to parse config.wpgm: \n-- PARSING FAILED --------------------------------------------------\n\n  151 |       tren3.crearTren()\n  152 |       game.removeVisual(avisosramal.get(1))\n> 153 |   }\n      |   ^\n  154 | \n  155 |   keyboard.o().onPressDo{\n\nExpected one of the following: \n\n'@', 'class', 'const', 'describe', 'mixin', 'object', 'only', 'package', 'program', 'test', 'var', '{', EOF, comment, not \"}\r\n\r\n  \", whitespace\n\n    at c:\\Users\\usuario\\.vscode\\extensions\\uqbar.wollok-lsp-ide-0.5.3\\out\\server\\src\\server.js:2348:13026\n    at Array.map (<anonymous>)\n    at W1n (c:\\Users\\usuario\\.vscode\\extensions\\uqbar.wollok-lsp-ide-0.5.3\\out\\server\\src\\server.js:2348:12950)\n    at U2.buildEnvironmentFrom (c:\\Users\\usuario\\.vscode\\extensions\\uqbar.wollok-lsp-ide-0.5.3\\out\\server\\src\\server.js:2393:5254)\n    at U2.updateEnvironmentWith (c:\\Users\\usuario\\.vscode\\extensions\\uqbar.wollok-lsp-ide-0.5.3\\out\\server\\src\\server.js:2393:4989)\n    at JF (c:\\Users\\usuario\\.vscode\\extensions\\uqbar.wollok-lsp-ide-0.5.3\\out\\server\\src\\server.js:2393:7383)\n    at F3.invoke (c:\\Users\\usuario\\.vscode\\extensions\\uqbar.wollok-lsp-ide-0.5.3\\out\\server\\src\\server.js:3:157334)\n    at o.fire (c:\\Users\\usuario\\.vscode\\extensions\\uqbar.wollok-lsp-ide-0.5.3\\out\\server\\src\\server.js:3:158104)\n    at c:\\Users\\usuario\\.vscode\\extensions\\uqbar.wollok-lsp-ide-0.5.3\\out\\server\\src\\server.js:37:57871\n    at Zr (c:\\Users\\usuario\\.vscode\\extensions\\uqbar.wollok-lsp-ide-0.5.3\\out\\server\\src\\server.js:8:1561)","timestamp":"2025-12-16T10:15:09.201Z"}
{"level":"error","message":"✘ Failed to rebuild document Failed to parse config.wpgm: \n-- PARSING FAILED --------------------------------------------------\n\n  151 |       tren3.crearTren()\n  152 |       game.removeVisual(avisosramal.get(1))\n> 153 |   }\n      |   ^\n  154 | \n  155 |   keyboard.o().onPressDo{\n\nExpected one of the following: \n\n'@', 'class', 'const', 'describe', 'mixin', 'object', 'only', 'package', 'program', 'test', 'var', '{', EOF, comment, not \"}\r\n\r\n  \", whitespace\n","stack":"Error: Failed to parse config.wpgm: \n-- PARSING FAILED --------------------------------------------------\n\n  151 |       tren3.crearTren()\n  152 |       game.removeVisual(avisosramal.get(1))\n> 153 |   }\n      |   ^\n  154 | \n  155 |   keyboard.o().onPressDo{\n\nExpected one of the following: \n\n'@', 'class', 'const', 'describe', 'mixin', 'object', 'only', 'package', 'program', 'test', 'var', '{', EOF, comment, not \"}\r\n\r\n  \", whitespace\n\n    at c:\\Users\\usuario\\.vscode\\extensions\\uqbar.wollok-lsp-ide-0.5.3\\out\\server\\src\\server.js:2348:13026\n    at Array.map (<anonymous>)\n    at W1n (c:\\Users\\usuario\\.vscode\\extensions\\uqbar.wollok-lsp-ide-0.5.3\\out\\server\\src\\server.js:2348:12950)\n    at U2.buildEnvironmentFrom (c:\\Users\\usuario\\.vscode\\extensions\\uqbar.wollok-lsp-ide-0.5.3\\out\\server\\src\\server.js:2393:5254)\n    at U2.updateEnvironmentWith (c:\\Users\\usuario\\.vscode\\extensions\\uqbar.wollok-lsp-ide-0.5.3\\out\\server\\src\\server.js:2393:4989)\n    at JF (c:\\Users\\usuario\\.vscode\\extensions\\uqbar.wollok-lsp-ide-0.5.3\\out\\server\\src\\server.js:2393:7383)\n    at F3.invoke (c:\\Users\\usuario\\.vscode\\extensions\\uqbar.wollok-lsp-ide-0.5.3\\out\\server\\src\\server.js:3:157334)\n    at o.fire (c:\\Users\\usuario\\.vscode\\extensions\\uqbar.wollok-lsp-ide-0.5.3\\out\\server\\src\\server.js:3:158104)\n    at c:\\Users\\usuario\\.vscode\\extensions\\uqbar.wollok-lsp-ide-0.5.3\\out\\server\\src\\server.js:37:57871\n    at Zr (c:\\Users\\usuario\\.vscode\\extensions\\uqbar.wollok-lsp-ide-0.5.3\\out\\server\\src\\server.js:8:1561)","timestamp":"2025-12-16T10:15:09.460Z"}
{"level":"info","message":"⌛ Building environment","timeElapsed":118,"timestamp":"2025-12-16T10:15:10.709Z"}
{"level":"info","message":"⌛ Validating config.wpgm","timeElapsed":117,"timestamp":"2025-12-16T10:15:10.827Z"}
{"level":"info","message":"⌛ Building environment","timeElapsed":166,"timestamp":"2025-12-16T10:15:17.505Z"}
{"level":"info","message":"⌛ Building environment","timeElapsed":184,"timestamp":"2025-12-16T10:15:17.737Z"}
{"level":"info","message":"⌛ Validating config.wpgm","timeElapsed":150,"timestamp":"2025-12-16T10:15:17.895Z"}
{"level":"info","message":"⌛ Building environment","timeElapsed":167,"timestamp":"2025-12-16T10:15:18.062Z"}
{"level":"info","message":"⌛ Building environment","timeElapsed":162,"timestamp":"2025-12-16T10:15:18.233Z"}
{"level":"info","message":"⌛ Validating config.wpgm","timeElapsed":138,"timestamp":"2025-12-16T10:15:18.372Z"}
{"level":"info","message":"⌛ Validating config.wpgm","timeElapsed":115,"timestamp":"2025-12-16T10:15:18.493Z"}
{"level":"info","message":"⌛ Validating config.wpgm","timeElapsed":106,"timestamp":"2025-12-16T10:15:18.607Z"}
{"level":"info","message":"⌛ Building environment","timeElapsed":130,"timestamp":"2025-12-16T10:15:19.025Z"}
{"level":"info","message":"⌛ Validating config.wpgm","timeElapsed":135,"timestamp":"2025-12-16T10:15:19.197Z"}
{"level":"info","message":"⌛ Building environment","timeElapsed":184,"timestamp":"2025-12-16T10:15:19.382Z"}
{"level":"info","message":"⌛ Building environment","timeElapsed":152,"timestamp":"2025-12-16T10:15:19.535Z"}
{"level":"info","message":"⌛ Building environment","timeElapsed":133,"timestamp":"2025-12-16T10:15:19.669Z"}
{"level":"info","message":"⌛ Validating config.wpgm","timeElapsed":139,"timestamp":"2025-12-16T10:15:19.809Z"}
{"level":"info","message":"⌛ Validating config.wpgm","timeElapsed":115,"timestamp":"2025-12-16T10:15:19.924Z"}
{"level":"info","message":"⌛ Building environment","timeElapsed":157,"timestamp":"2025-12-16T10:15:20.092Z"}
{"level":"info","message":"⌛ Validating config.wpgm","timeElapsed":247,"timestamp":"2025-12-16T10:15:20.345Z"}
{"level":"info","message":"⌛ Building environment","timeElapsed":169,"timestamp":"2025-12-16T10:15:20.515Z"}
{"level":"info","message":"⌛ Building environment","timeElapsed":139,"timestamp":"2025-12-16T10:15:20.654Z"}
{"level":"info","message":"⌛ Validating config.wpgm","timeElapsed":105,"timestamp":"2025-12-16T10:15:20.760Z"}
{"level":"info","message":"⌛ Building environment","timeElapsed":118,"timestamp":"2025-12-16T10:15:20.878Z"}
{"level":"info","message":"⌛ Building environment","timeElapsed":132,"timestamp":"2025-12-16T10:15:21.011Z"}
{"level":"info","message":"⌛ Building environment","timeElapsed":178,"timestamp":"2025-12-16T10:15:21.189Z"}
{"level":"info","message":"⌛ Validating config.wpgm","timeElapsed":108,"timestamp":"2025-12-16T10:15:21.298Z"}
{"level":"info","message":"⌛ Validating config.wpgm","timeElapsed":115,"timestamp":"2025-12-16T10:15:21.426Z"}
{"level":"info","message":"⌛ Validating config.wpgm","timeElapsed":130,"timestamp":"2025-12-16T10:15:21.558Z"}
{"level":"info","message":"⌛ Validating config.wpgm","timeElapsed":119,"timestamp":"2025-12-16T10:15:21.677Z"}
{"level":"info","message":"⌛ Validating config.wpgm","timeElapsed":129,"timestamp":"2025-12-16T10:15:21.814Z"}
{"level":"info","message":"⌛ Building environment","timeElapsed":176,"timestamp":"2025-12-16T10:15:21.991Z"}
{"level":"info","message":"⌛ Building environment","timeElapsed":228,"timestamp":"2025-12-16T10:15:22.231Z"}
{"level":"error","message":"✘ Completions for node Send ([151:6, 151:24] - config.wpgm) failed: Error: [Send]{30902a} at config.wpgm:151 exhausted all cases without a match [Send]{30902a} at config.wpgm:151 exhausted all cases without a match","stack":"Error: [Send]{30902a} at config.wpgm:151 exhausted all cases without a match\n    at c:\\Users\\usuario\\.vscode\\extensions\\uqbar.wollok-lsp-ide-0.5.3\\out\\server\\src\\server.js:38:6142\n    at D2 (c:\\Users\\usuario\\.vscode\\extensions\\uqbar.wollok-lsp-ide-0.5.3\\out\\server\\src\\server.js:2384:42)\n    at Qh (c:\\Users\\usuario\\.vscode\\extensions\\uqbar.wollok-lsp-ide-0.5.3\\out\\server\\src\\server.js:2384:1092)\n    at k6n (c:\\Users\\usuario\\.vscode\\extensions\\uqbar.wollok-lsp-ide-0.5.3\\out\\server\\src\\server.js:2384:1248)\n    at c:\\Users\\usuario\\.vscode\\extensions\\uqbar.wollok-lsp-ide-0.5.3\\out\\server\\src\\server.js:38:6131\n    at D2 (c:\\Users\\usuario\\.vscode\\extensions\\uqbar.wollok-lsp-ide-0.5.3\\out\\server\\src\\server.js:2384:42)\n    at c:\\Users\\usuario\\.vscode\\extensions\\uqbar.wollok-lsp-ide-0.5.3\\out\\server\\src\\server.js:2384:2988\n    at c:\\Users\\usuario\\.vscode\\extensions\\uqbar.wollok-lsp-ide-0.5.3\\out\\server\\src\\server.js:2393:8440\n    at c:\\Users\\usuario\\.vscode\\extensions\\uqbar.wollok-lsp-ide-0.5.3\\out\\server\\src\\server.js:37:74872\n    at Ye (c:\\Users\\usuario\\.vscode\\extensions\\uqbar.wollok-lsp-ide-0.5.3\\out\\server\\src\\server.js:7:8527)","timestamp":"2025-12-16T10:15:22.275Z"}
{"level":"info","message":"⌛ Building environment","timeElapsed":168,"timestamp":"2025-12-16T10:15:22.456Z"}
{"level":"info","message":"⌛ Validating config.wpgm","timeElapsed":136,"timestamp":"2025-12-16T10:15:22.593Z"}
{"level":"info","message":"⌛ Building environment","timeElapsed":121,"timestamp":"2025-12-16T10:15:22.716Z"}
{"level":"info","message":"⌛ Building environment","timeElapsed":132,"timestamp":"2025-12-16T10:15:22.850Z"}
{"level":"info","message":"⌛ Validating config.wpgm","timeElapsed":111,"timestamp":"2025-12-16T10:15:22.961Z"}
{"level":"info","message":"⌛ Building environment","timeElapsed":124,"timestamp":"2025-12-16T10:15:23.085Z"}
{"level":"error","message":"✘ Completions for node Send ([151:6, 151:28] - config.wpgm) failed: Error: [Send]{80c640} at config.wpgm:151 exhausted all cases without a match [Send]{80c640} at config.wpgm:151 exhausted all cases without a match","stack":"Error: [Send]{80c640} at config.wpgm:151 exhausted all cases without a match\n    at c:\\Users\\usuario\\.vscode\\extensions\\uqbar.wollok-lsp-ide-0.5.3\\out\\server\\src\\server.js:38:6142\n    at D2 (c:\\Users\\usuario\\.vscode\\extensions\\uqbar.wollok-lsp-ide-0.5.3\\out\\server\\src\\server.js:2384:42)\n    at Qh (c:\\Users\\usuario\\.vscode\\extensions\\uqbar.wollok-lsp-ide-0.5.3\\out\\server\\src\\server.js:2384:1092)\n    at k6n (c:\\Users\\usuario\\.vscode\\extensions\\uqbar.wollok-lsp-ide-0.5.3\\out\\server\\src\\server.js:2384:1248)\n    at c:\\Users\\usuario\\.vscode\\extensions\\uqbar.wollok-lsp-ide-0.5.3\\out\\server\\src\\server.js:38:6131\n    at D2 (c:\\Users\\usuario\\.vscode\\extensions\\uqbar.wollok-lsp-ide-0.5.3\\out\\server\\src\\server.js:2384:42)\n    at c:\\Users\\usuario\\.vscode\\extensions\\uqbar.wollok-lsp-ide-0.5.3\\out\\server\\src\\server.js:2384:2988\n    at c:\\Users\\usuario\\.vscode\\extensions\\uqbar.wollok-lsp-ide-0.5.3\\out\\server\\src\\server.js:2393:8440\n    at c:\\Users\\usuario\\.vscode\\extensions\\uqbar.wollok-lsp-ide-0.5.3\\out\\server\\src\\server.js:37:74872\n    at Ye (c:\\Users\\usuario\\.vscode\\extensions\\uqbar.wollok-lsp-ide-0.5.3\\out\\server\\src\\server.js:7:8527)","timestamp":"2025-12-16T10:15:23.113Z"}
{"level":"info","message":"⌛ Validating config.wpgm","timeElapsed":104,"timestamp":"2025-12-16T10:15:23.221Z"}
{"level":"info","message":"⌛ Validating config.wpgm","timeElapsed":106,"timestamp":"2025-12-16T10:15:23.327Z"}
{"level":"info","message":"⌛ Validating config.wpgm","timeElapsed":231,"timestamp":"2025-12-16T10:15:23.575Z"}
{"level":"info","message":"⌛ Validating config.wpgm","timeElapsed":143,"timestamp":"2025-12-16T10:15:23.718Z"}
{"level":"info","message":"⌛ Building environment","timeElapsed":167,"timestamp":"2025-12-16T10:15:27.227Z"}
{"level":"info","message":"⌛ Building environment","timeElapsed":239,"timestamp":"2025-12-16T10:15:27.500Z"}
{"level":"info","message":"⌛ Validating config.wpgm","timeElapsed":192,"timestamp":"2025-12-16T10:15:27.693Z"}
{"level":"info","message":"⌛ Building environment","timeElapsed":156,"timestamp":"2025-12-16T10:15:27.863Z"}
{"level":"info","message":"⌛ Building environment","timeElapsed":169,"timestamp":"2025-12-16T10:15:28.033Z"}
{"level":"info","message":"⌛ Validating config.wpgm","timeElapsed":145,"timestamp":"2025-12-16T10:15:28.189Z"}
{"level":"info","message":"⌛ Building environment","timeElapsed":147,"timestamp":"2025-12-16T10:15:28.347Z"}
{"level":"info","message":"⌛ Validating config.wpgm","timeElapsed":151,"timestamp":"2025-12-16T10:15:28.526Z"}
{"level":"info","message":"⌛ Building environment","timeElapsed":134,"timestamp":"2025-12-16T10:15:28.660Z"}
{"level":"info","message":"⌛ Validating config.wpgm","timeElapsed":119,"timestamp":"2025-12-16T10:15:28.780Z"}
{"level":"info","message":"⌛ Building environment","timeElapsed":151,"timestamp":"2025-12-16T10:15:28.931Z"}
{"level":"info","message":"⌛ Building environment","timeElapsed":192,"timestamp":"2025-12-16T10:15:29.123Z"}
{"level":"info","message":"⌛ Validating config.wpgm","timeElapsed":140,"timestamp":"2025-12-16T10:15:29.271Z"}
{"level":"info","message":"⌛ Validating config.wpgm","timeElapsed":121,"timestamp":"2025-12-16T10:15:29.411Z"}
{"level":"info","message":"⌛ Building environment","timeElapsed":187,"timestamp":"2025-12-16T10:15:29.599Z"}
{"level":"info","message":"⌛ Validating config.wpgm","timeElapsed":164,"timestamp":"2025-12-16T10:15:29.764Z"}
{"level":"info","message":"⌛ Validating config.wpgm","timeElapsed":113,"timestamp":"2025-12-16T10:15:29.893Z"}
{"level":"info","message":"⌛ Building environment","timeElapsed":169,"timestamp":"2025-12-16T10:15:30.062Z"}
{"level":"error","message":"✘ Failed to rebuild document Failed to parse config.wpgm: \n-- PARSING FAILED --------------------------------------------------\n\n  169 |   game.addVisual(estacion)\n  170 |   game.start()\n> 171 | }\n      | ^\n  172 | \n  173 | \n\nExpected one of the following: \n\n'@', 'class', 'const', 'describe', 'mixin', 'object', 'only', 'package', 'program', 'test', 'var', '{', EOF, comment, not \"}\r\n\r\n\r\n\r\n\", whitespace\n","stack":"Error: Failed to parse config.wpgm: \n-- PARSING FAILED --------------------------------------------------\n\n  169 |   game.addVisual(estacion)\n  170 |   game.start()\n> 171 | }\n      | ^\n  172 | \n  173 | \n\nExpected one of the following: \n\n'@', 'class', 'const', 'describe', 'mixin', 'object', 'only', 'package', 'program', 'test', 'var', '{', EOF, comment, not \"}\r\n\r\n\r\n\r\n\", whitespace\n\n    at c:\\Users\\usuario\\.vscode\\extensions\\uqbar.wollok-lsp-ide-0.5.3\\out\\server\\src\\server.js:2348:13026\n    at Array.map (<anonymous>)\n    at W1n (c:\\Users\\usuario\\.vscode\\extensions\\uqbar.wollok-lsp-ide-0.5.3\\out\\server\\src\\server.js:2348:12950)\n    at U2.buildEnvironmentFrom (c:\\Users\\usuario\\.vscode\\extensions\\uqbar.wollok-lsp-ide-0.5.3\\out\\server\\src\\server.js:2393:5254)\n    at U2.updateEnvironmentWith (c:\\Users\\usuario\\.vscode\\extensions\\uqbar.wollok-lsp-ide-0.5.3\\out\\server\\src\\server.js:2393:4989)\n    at JF (c:\\Users\\usuario\\.vscode\\extensions\\uqbar.wollok-lsp-ide-0.5.3\\out\\server\\src\\server.js:2393:7383)\n    at F3.invoke (c:\\Users\\usuario\\.vscode\\extensions\\uqbar.wollok-lsp-ide-0.5.3\\out\\server\\src\\server.js:3:157334)\n    at o.fire (c:\\Users\\usuario\\.vscode\\extensions\\uqbar.wollok-lsp-ide-0.5.3\\out\\server\\src\\server.js:3:158104)\n    at c:\\Users\\usuario\\.vscode\\extensions\\uqbar.wollok-lsp-ide-0.5.3\\out\\server\\src\\server.js:37:57871\n    at Zr (c:\\Users\\usuario\\.vscode\\extensions\\uqbar.wollok-lsp-ide-0.5.3\\out\\server\\src\\server.js:8:1561)","timestamp":"2025-12-16T10:15:30.123Z"}
{"level":"info","message":"⌛ Validating config.wpgm","timeElapsed":102,"timestamp":"2025-12-16T10:15:30.225Z"}
{"level":"info","message":"⌛ Validating config.wpgm","timeElapsed":110,"timestamp":"2025-12-16T10:15:30.348Z"}
{"level":"info","message":"⌛ Building environment","timeElapsed":185,"timestamp":"2025-12-16T10:15:30.806Z"}
{"level":"info","message":"⌛ Validating config.wpgm","timeElapsed":116,"timestamp":"2025-12-16T10:15:30.926Z"}
{"level":"info","message":"⌛ Building environment","timeElapsed":128,"timestamp":"2025-12-16T10:15:31.483Z"}
{"level":"info","message":"⌛ Validating config.wpgm","timeElapsed":114,"timestamp":"2025-12-16T10:15:31.598Z"}
{"level":"info","message":"🚀 Program executed \u001b[3m\u001b[34mconfig.chuchugame\u001b[39m\u001b[23m on \u001b[3m\u001b[34mc:\\Users\\usuario\\Desktop\\backup wollok\\simuladortren\u001b[39m\u001b[23m","ok":true,"timeElapsed":725,"timestamp":"2025-12-16T10:15:51.990Z"}
{"exitCode":"SIGHUP","level":"info","message":"👾 Game executed config.chuchugame on c:\\Users\\usuario\\Desktop\\backup wollok\\simuladortren","timeElapsed":48728,"timestamp":"2025-12-16T10:16:39.992Z"}
{"level":"info","message":"🚀 Program executed \u001b[3m\u001b[34mconfig.chuchugame\u001b[39m\u001b[23m on \u001b[3m\u001b[34mc:\\Users\\usuario\\Desktop\\backup wollok\\simuladortren\u001b[39m\u001b[23m","ok":true,"timeElapsed":810,"timestamp":"2025-12-16T10:16:43.434Z"}
{"level":"info","message":"⌛ Building environment","timeElapsed":259,"timestamp":"2025-12-16T10:17:30.681Z"}
{"level":"info","message":"⌛ Validating config.wpgm","timeElapsed":203,"timestamp":"2025-12-16T10:17:30.938Z"}
{"level":"info","message":"⌛ Building environment","timeElapsed":187,"timestamp":"2025-12-16T10:17:31.126Z"}
{"level":"info","message":"⌛ Building environment","timeElapsed":165,"timestamp":"2025-12-16T10:17:31.343Z"}
{"level":"info","message":"⌛ Building environment","timeElapsed":145,"timestamp":"2025-12-16T10:17:31.497Z"}
{"level":"info","message":"⌛ Building environment","timeElapsed":138,"timestamp":"2025-12-16T10:17:31.636Z"}
{"level":"info","message":"⌛ Validating config.wpgm","timeElapsed":149,"timestamp":"2025-12-16T10:17:31.791Z"}
{"level":"info","message":"⌛ Validating config.wpgm","timeElapsed":140,"timestamp":"2025-12-16T10:17:31.945Z"}
{"level":"info","message":"⌛ Validating config.wpgm","timeElapsed":141,"timestamp":"2025-12-16T10:17:32.087Z"}
{"level":"info","message":"⌛ Building environment","timeElapsed":140,"timestamp":"2025-12-16T10:17:32.228Z"}
{"level":"info","message":"⌛ Validating config.wpgm","timeElapsed":134,"timestamp":"2025-12-16T10:17:32.362Z"}
{"level":"info","message":"⌛ Validating config.wpgm","timeElapsed":117,"timestamp":"2025-12-16T10:17:32.529Z"}
{"level":"info","message":"⌛ Building environment","timeElapsed":176,"timestamp":"2025-12-16T10:17:32.745Z"}
{"level":"info","message":"⌛ Building environment","timeElapsed":169,"timestamp":"2025-12-16T10:17:32.960Z"}
{"level":"info","message":"⌛ Validating config.wpgm","timeElapsed":275,"timestamp":"2025-12-16T10:17:33.236Z"}
{"level":"info","message":"⌛ Building environment","timeElapsed":184,"timestamp":"2025-12-16T10:17:33.421Z"}
{"level":"info","message":"⌛ Building environment","timeElapsed":150,"timestamp":"2025-12-16T10:17:33.578Z"}
{"level":"info","message":"⌛ Validating config.wpgm","timeElapsed":191,"timestamp":"2025-12-16T10:17:33.820Z"}
{"level":"info","message":"⌛ Building environment","timeElapsed":144,"timestamp":"2025-12-16T10:17:33.964Z"}
{"level":"info","message":"⌛ Building environment","timeElapsed":182,"timestamp":"2025-12-16T10:17:34.156Z"}
{"level":"info","message":"⌛ Building environment","timeElapsed":229,"timestamp":"2025-12-16T10:17:34.385Z"}
{"level":"info","message":"⌛ Building environment","timeElapsed":247,"timestamp":"2025-12-16T10:17:34.633Z"}
{"level":"info","message":"⌛ Validating config.wpgm","timeElapsed":219,"timestamp":"2025-12-16T10:17:34.853Z"}
{"level":"info","message":"⌛ Validating config.wpgm","timeElapsed":174,"timestamp":"2025-12-16T10:17:35.048Z"}
{"level":"info","message":"⌛ Building environment","timeElapsed":162,"timestamp":"2025-12-16T10:17:35.212Z"}
{"level":"info","message":"⌛ Building environment","timeElapsed":190,"timestamp":"2025-12-16T10:17:35.403Z"}
{"level":"info","message":"⌛ Validating config.wpgm","timeElapsed":147,"timestamp":"2025-12-16T10:17:35.550Z"}
{"level":"info","message":"⌛ Building environment","timeElapsed":192,"timestamp":"2025-12-16T10:17:35.744Z"}
{"level":"info","message":"⌛ Validating config.wpgm","timeElapsed":161,"timestamp":"2025-12-16T10:17:35.905Z"}
{"level":"info","message":"⌛ Building environment","timeElapsed":164,"timestamp":"2025-12-16T10:17:36.070Z"}
{"level":"info","message":"⌛ Building environment","timeElapsed":154,"timestamp":"2025-12-16T10:17:36.224Z"}
{"level":"info","message":"⌛ Validating config.wpgm","timeElapsed":145,"timestamp":"2025-12-16T10:17:36.369Z"}
{"level":"info","message":"⌛ Building environment","timeElapsed":204,"timestamp":"2025-12-16T10:17:36.619Z"}
{"level":"info","message":"⌛ Validating config.wpgm","timeElapsed":158,"timestamp":"2025-12-16T10:17:36.815Z"}
{"level":"info","message":"⌛ Building environment","timeElapsed":139,"timestamp":"2025-12-16T10:17:36.964Z"}
{"level":"info","message":"⌛ Building environment","timeElapsed":142,"timestamp":"2025-12-16T10:17:37.156Z"}
{"level":"info","message":"⌛ Building environment","timeElapsed":142,"timestamp":"2025-12-16T10:17:37.306Z"}
{"level":"info","message":"⌛ Building environment","timeElapsed":137,"timestamp":"2025-12-16T10:17:37.444Z"}
{"level":"info","message":"⌛ Validating config.wpgm","timeElapsed":128,"timestamp":"2025-12-16T10:17:37.573Z"}
{"level":"info","message":"⌛ Building environment","timeElapsed":142,"timestamp":"2025-12-16T10:17:37.716Z"}
{"level":"info","message":"⌛ Validating config.wpgm","timeElapsed":142,"timestamp":"2025-12-16T10:17:37.859Z"}
{"level":"info","message":"⌛ Building environment","timeElapsed":144,"timestamp":"2025-12-16T10:17:38.004Z"}
{"level":"info","message":"⌛ Building environment","timeElapsed":137,"timestamp":"2025-12-16T10:17:38.141Z"}
{"level":"info","message":"⌛ Building environment","timeElapsed":131,"timestamp":"2025-12-16T10:17:38.273Z"}
{"level":"info","message":"⌛ Building environment","timeElapsed":152,"timestamp":"2025-12-16T10:17:38.426Z"}
{"level":"info","message":"⌛ Validating config.wpgm","timeElapsed":137,"timestamp":"2025-12-16T10:17:38.570Z"}
{"level":"info","message":"⌛ Validating config.wpgm","timeElapsed":120,"timestamp":"2025-12-16T10:17:38.695Z"}
{"level":"info","message":"⌛ Building environment","timeElapsed":130,"timestamp":"2025-12-16T10:17:38.826Z"}
{"level":"info","message":"⌛ Validating config.wpgm","timeElapsed":130,"timestamp":"2025-12-16T10:17:38.957Z"}
{"level":"info","message":"⌛ Building environment","timeElapsed":127,"timestamp":"2025-12-16T10:17:39.084Z"}
{"level":"info","message":"⌛ Validating config.wpgm","timeElapsed":116,"timestamp":"2025-12-16T10:17:39.206Z"}
{"level":"info","message":"⌛ Validating config.wpgm","timeElapsed":106,"timestamp":"2025-12-16T10:17:39.320Z"}
{"level":"info","message":"⌛ Validating config.wpgm","timeElapsed":116,"timestamp":"2025-12-16T10:17:39.444Z"}
{"level":"info","message":"⌛ Validating config.wpgm","timeElapsed":113,"timestamp":"2025-12-16T10:17:39.558Z"}
{"level":"info","message":"⌛ Validating config.wpgm","timeElapsed":115,"timestamp":"2025-12-16T10:17:39.674Z"}
{"level":"info","message":"⌛ Validating config.wpgm","timeElapsed":114,"timestamp":"2025-12-16T10:17:39.789Z"}
{"level":"info","message":"⌛ Validating config.wpgm","timeElapsed":129,"timestamp":"2025-12-16T10:17:39.954Z"}
{"level":"info","message":"⌛ Validating config.wpgm","timeElapsed":115,"timestamp":"2025-12-16T10:17:40.077Z"}
{"level":"info","message":"⌛ Validating config.wpgm","timeElapsed":130,"timestamp":"2025-12-16T10:17:40.206Z"}
{"level":"info","message":"⌛ Validating config.wpgm","timeElapsed":133,"timestamp":"2025-12-16T10:17:40.339Z"}
{"level":"info","message":"⌛ Validating config.wpgm","timeElapsed":153,"timestamp":"2025-12-16T10:17:40.493Z"}
{"level":"info","message":"⌛ Validating config.wpgm","timeElapsed":131,"timestamp":"2025-12-16T10:17:40.635Z"}
{"level":"info","message":"⌛ Building environment","timeElapsed":113,"timestamp":"2025-12-16T10:17:47.985Z"}
{"level":"error","message":"✘ Completions for node Send ([129:4, 129:24] - config.wpgm) failed: Error: [Send]{50dd34} at config.wpgm:129 exhausted all cases without a match [Send]{50dd34} at config.wpgm:129 exhausted all cases without a match","stack":"Error: [Send]{50dd34} at config.wpgm:129 exhausted all cases without a match\n    at c:\\Users\\usuario\\.vscode\\extensions\\uqbar.wollok-lsp-ide-0.5.3\\out\\server\\src\\server.js:38:6142\n    at D2 (c:\\Users\\usuario\\.vscode\\extensions\\uqbar.wollok-lsp-ide-0.5.3\\out\\server\\src\\server.js:2384:42)\n    at c:\\Users\\usuario\\.vscode\\extensions\\uqbar.wollok-lsp-ide-0.5.3\\out\\server\\src\\server.js:2384:2988\n    at c:\\Users\\usuario\\.vscode\\extensions\\uqbar.wollok-lsp-ide-0.5.3\\out\\server\\src\\server.js:2393:8440\n    at c:\\Users\\usuario\\.vscode\\extensions\\uqbar.wollok-lsp-ide-0.5.3\\out\\server\\src\\server.js:37:74872\n    at Ye (c:\\Users\\usuario\\.vscode\\extensions\\uqbar.wollok-lsp-ide-0.5.3\\out\\server\\src\\server.js:7:8527)\n    at qt (c:\\Users\\usuario\\.vscode\\extensions\\uqbar.wollok-lsp-ide-0.5.3\\out\\server\\src\\server.js:7:6189)\n    at ot (c:\\Users\\usuario\\.vscode\\extensions\\uqbar.wollok-lsp-ide-0.5.3\\out\\server\\src\\server.js:7:6378)\n    at Immediate._onImmediate (c:\\Users\\usuario\\.vscode\\extensions\\uqbar.wollok-lsp-ide-0.5.3\\out\\server\\src\\server.js:7:6142)\n    at process.processImmediate (node:internal/timers:485:21)","timestamp":"2025-12-16T10:17:48.006Z"}
{"level":"info","message":"⌛ Validating config.wpgm","timeElapsed":113,"timestamp":"2025-12-16T10:17:48.121Z"}
{"level":"info","message":"⌛ Building environment","timeElapsed":124,"timestamp":"2025-12-16T10:17:48.895Z"}
{"level":"info","message":"⌛ Building environment","timeElapsed":112,"timestamp":"2025-12-16T10:17:49.015Z"}
{"level":"error","message":"✘ Completions for node Send ([129:4, 129:24] - config.wpgm) failed: Error: [Send]{f4095b} at config.wpgm:129 exhausted all cases without a match [Send]{f4095b} at config.wpgm:129 exhausted all cases without a match","stack":"Error: [Send]{f4095b} at config.wpgm:129 exhausted all cases without a match\n    at c:\\Users\\usuario\\.vscode\\extensions\\uqbar.wollok-lsp-ide-0.5.3\\out\\server\\src\\server.js:38:6142\n    at D2 (c:\\Users\\usuario\\.vscode\\extensions\\uqbar.wollok-lsp-ide-0.5.3\\out\\server\\src\\server.js:2384:42)\n    at c:\\Users\\usuario\\.vscode\\extensions\\uqbar.wollok-lsp-ide-0.5.3\\out\\server\\src\\server.js:2384:2988\n    at c:\\Users\\usuario\\.vscode\\extensions\\uqbar.wollok-lsp-ide-0.5.3\\out\\server\\src\\server.js:2393:8440\n    at c:\\Users\\usuario\\.vscode\\extensions\\uqbar.wollok-lsp-ide-0.5.3\\out\\server\\src\\server.js:37:74872\n    at Ye (c:\\Users\\usuario\\.vscode\\extensions\\uqbar.wollok-lsp-ide-0.5.3\\out\\server\\src\\server.js:7:8527)\n    at qt (c:\\Users\\usuario\\.vscode\\extensions\\uqbar.wollok-lsp-ide-0.5.3\\out\\server\\src\\server.js:7:6189)\n    at ot (c:\\Users\\usuario\\.vscode\\extensions\\uqbar.wollok-lsp-ide-0.5.3\\out\\server\\src\\server.js:7:6378)\n    at Immediate._onImmediate (c:\\Users\\usuario\\.vscode\\extensions\\uqbar.wollok-lsp-ide-0.5.3\\out\\server\\src\\server.js:7:6142)\n    at process.processImmediate (node:internal/timers:485:21)","timestamp":"2025-12-16T10:17:49.039Z"}
{"level":"info","message":"⌛ Validating config.wpgm","timeElapsed":133,"timestamp":"2025-12-16T10:17:49.186Z"}
{"level":"info","message":"⌛ Validating config.wpgm","timeElapsed":108,"timestamp":"2025-12-16T10:17:49.293Z"}
{"level":"info","message":"⌛ Building environment","timeElapsed":182,"timestamp":"2025-12-16T10:17:50.150Z"}
{"level":"error","message":"✘ Completions for node Send ([129:4, 129:25] - config.wpgm) failed: Error: [Send]{f1d5ba} at config.wpgm:129 exhausted all cases without a match [Send]{f1d5ba} at config.wpgm:129 exhausted all cases without a match","stack":"Error: [Send]{f1d5ba} at config.wpgm:129 exhausted all cases without a match\n    at c:\\Users\\usuario\\.vscode\\extensions\\uqbar.wollok-lsp-ide-0.5.3\\out\\server\\src\\server.js:38:6142\n    at D2 (c:\\Users\\usuario\\.vscode\\extensions\\uqbar.wollok-lsp-ide-0.5.3\\out\\server\\src\\server.js:2384:42)\n    at c:\\Users\\usuario\\.vscode\\extensions\\uqbar.wollok-lsp-ide-0.5.3\\out\\server\\src\\server.js:2384:2988\n    at c:\\Users\\usuario\\.vscode\\extensions\\uqbar.wollok-lsp-ide-0.5.3\\out\\server\\src\\server.js:2393:8440\n    at c:\\Users\\usuario\\.vscode\\extensions\\uqbar.wollok-lsp-ide-0.5.3\\out\\server\\src\\server.js:37:74872\n    at Ye (c:\\Users\\usuario\\.vscode\\extensions\\uqbar.wollok-lsp-ide-0.5.3\\out\\server\\src\\server.js:7:8527)\n    at qt (c:\\Users\\usuario\\.vscode\\extensions\\uqbar.wollok-lsp-ide-0.5.3\\out\\server\\src\\server.js:7:6189)\n    at ot (c:\\Users\\usuario\\.vscode\\extensions\\uqbar.wollok-lsp-ide-0.5.3\\out\\server\\src\\server.js:7:6378)\n    at Immediate._onImmediate (c:\\Users\\usuario\\.vscode\\extensions\\uqbar.wollok-lsp-ide-0.5.3\\out\\server\\src\\server.js:7:6142)\n    at process.processImmediate (node:internal/timers:485:21)","timestamp":"2025-12-16T10:17:50.174Z"}
{"level":"info","message":"⌛ Building environment","timeElapsed":123,"timestamp":"2025-12-16T10:17:50.300Z"}
{"level":"error","message":"✘ Completions for node Send ([129:4, 129:24] - config.wpgm) failed: Error: [Send]{25001d} at config.wpgm:129 exhausted all cases without a match [Send]{25001d} at config.wpgm:129 exhausted all cases without a match","stack":"Error: [Send]{25001d} at config.wpgm:129 exhausted all cases without a match\n    at c:\\Users\\usuario\\.vscode\\extensions\\uqbar.wollok-lsp-ide-0.5.3\\out\\server\\src\\server.js:38:6142\n    at D2 (c:\\Users\\usuario\\.vscode\\extensions\\uqbar.wollok-lsp-ide-0.5.3\\out\\server\\src\\server.js:2384:42)\n    at c:\\Users\\usuario\\.vscode\\extensions\\uqbar.wollok-lsp-ide-0.5.3\\out\\server\\src\\server.js:2384:2988\n    at c:\\Users\\usuario\\.vscode\\extensions\\uqbar.wollok-lsp-ide-0.5.3\\out\\server\\src\\server.js:2393:8440\n    at c:\\Users\\usuario\\.vscode\\extensions\\uqbar.wollok-lsp-ide-0.5.3\\out\\server\\src\\server.js:37:74872\n    at Ye (c:\\Users\\usuario\\.vscode\\extensions\\uqbar.wollok-lsp-ide-0.5.3\\out\\server\\src\\server.js:7:8527)\n    at qt (c:\\Users\\usuario\\.vscode\\extensions\\uqbar.wollok-lsp-ide-0.5.3\\out\\server\\src\\server.js:7:6189)\n    at ot (c:\\Users\\usuario\\.vscode\\extensions\\uqbar.wollok-lsp-ide-0.5.3\\out\\server\\src\\server.js:7:6378)\n    at Immediate._onImmediate (c:\\Users\\usuario\\.vscode\\extensions\\uqbar.wollok-lsp-ide-0.5.3\\out\\server\\src\\server.js:7:6142)\n    at process.processImmediate (node:internal/timers:485:21)","timestamp":"2025-12-16T10:17:50.327Z"}
{"level":"info","message":"⌛ Validating config.wpgm","timeElapsed":126,"timestamp":"2025-12-16T10:17:50.458Z"}
{"level":"info","message":"⌛ Validating config.wpgm","timeElapsed":122,"timestamp":"2025-12-16T10:17:50.589Z"}
{"level":"info","message":"⌛ Building environment","timeElapsed":141,"timestamp":"2025-12-16T10:17:50.733Z"}
{"level":"info","message":"⌛ Building environment","timeElapsed":275,"timestamp":"2025-12-16T10:17:51.008Z"}
{"level":"error","message":"✘ Completions for node Send ([129:4, 129:24] - config.wpgm) failed: Error: [Send]{43377c} at config.wpgm:129 exhausted all cases without a match [Send]{43377c} at config.wpgm:129 exhausted all cases without a match","stack":"Error: [Send]{43377c} at config.wpgm:129 exhausted all cases without a match\n    at c:\\Users\\usuario\\.vscode\\extensions\\uqbar.wollok-lsp-ide-0.5.3\\out\\server\\src\\server.js:38:6142\n    at D2 (c:\\Users\\usuario\\.vscode\\extensions\\uqbar.wollok-lsp-ide-0.5.3\\out\\server\\src\\server.js:2384:42)\n    at c:\\Users\\usuario\\.vscode\\extensions\\uqbar.wollok-lsp-ide-0.5.3\\out\\server\\src\\server.js:2384:2988\n    at c:\\Users\\usuario\\.vscode\\extensions\\uqbar.wollok-lsp-ide-0.5.3\\out\\server\\src\\server.js:2393:8440\n    at c:\\Users\\usuario\\.vscode\\extensions\\uqbar.wollok-lsp-ide-0.5.3\\out\\server\\src\\server.js:37:74872\n    at Ye (c:\\Users\\usuario\\.vscode\\extensions\\uqbar.wollok-lsp-ide-0.5.3\\out\\server\\src\\server.js:7:8527)\n    at qt (c:\\Users\\usuario\\.vscode\\extensions\\uqbar.wollok-lsp-ide-0.5.3\\out\\server\\src\\server.js:7:6189)\n    at ot (c:\\Users\\usuario\\.vscode\\extensions\\uqbar.wollok-lsp-ide-0.5.3\\out\\server\\src\\server.js:7:6378)\n    at Immediate._onImmediate (c:\\Users\\usuario\\.vscode\\extensions\\uqbar.wollok-lsp-ide-0.5.3\\out\\server\\src\\server.js:7:6142)\n    at process.processImmediate (node:internal/timers:485:21)","timestamp":"2025-12-16T10:17:51.033Z"}
{"level":"info","message":"⌛ Validating config.wpgm","timeElapsed":135,"timestamp":"2025-12-16T10:17:51.172Z"}
{"level":"info","message":"⌛ Validating config.wpgm","timeElapsed":137,"timestamp":"2025-12-16T10:17:51.323Z"}
{"level":"info","message":"⌛ Building environment","timeElapsed":129,"timestamp":"2025-12-16T10:17:58.116Z"}
{"level":"info","message":"⌛ Validating config.wpgm","timeElapsed":109,"timestamp":"2025-12-16T10:17:58.227Z"}
{"level":"info","message":"⌛ Building environment","timeElapsed":165,"timestamp":"2025-12-16T10:17:58.736Z"}
{"level":"error","message":"✘ Completions for node Return (undefined - config.wpgm) failed: Error: [Return]{254de7} at config.wpgm:-- exhausted all cases without a match [Return]{254de7} at config.wpgm:-- exhausted all cases without a match","stack":"Error: [Return]{254de7} at config.wpgm:-- exhausted all cases without a match\n    at c:\\Users\\usuario\\.vscode\\extensions\\uqbar.wollok-lsp-ide-0.5.3\\out\\server\\src\\server.js:38:6142\n    at D2 (c:\\Users\\usuario\\.vscode\\extensions\\uqbar.wollok-lsp-ide-0.5.3\\out\\server\\src\\server.js:2384:42)\n    at Qh (c:\\Users\\usuario\\.vscode\\extensions\\uqbar.wollok-lsp-ide-0.5.3\\out\\server\\src\\server.js:2384:1092)\n    at k6n (c:\\Users\\usuario\\.vscode\\extensions\\uqbar.wollok-lsp-ide-0.5.3\\out\\server\\src\\server.js:2384:1248)\n    at c:\\Users\\usuario\\.vscode\\extensions\\uqbar.wollok-lsp-ide-0.5.3\\out\\server\\src\\server.js:38:6131\n    at D2 (c:\\Users\\usuario\\.vscode\\extensions\\uqbar.wollok-lsp-ide-0.5.3\\out\\server\\src\\server.js:2384:42)\n    at c:\\Users\\usuario\\.vscode\\extensions\\uqbar.wollok-lsp-ide-0.5.3\\out\\server\\src\\server.js:2384:2988\n    at c:\\Users\\usuario\\.vscode\\extensions\\uqbar.wollok-lsp-ide-0.5.3\\out\\server\\src\\server.js:2393:8440\n    at c:\\Users\\usuario\\.vscode\\extensions\\uqbar.wollok-lsp-ide-0.5.3\\out\\server\\src\\server.js:37:74872\n    at Ye (c:\\Users\\usuario\\.vscode\\extensions\\uqbar.wollok-lsp-ide-0.5.3\\out\\server\\src\\server.js:7:8527)","timestamp":"2025-12-16T10:17:58.770Z"}
{"level":"info","message":"⌛ Building environment","timeElapsed":189,"timestamp":"2025-12-16T10:17:58.963Z"}
{"level":"info","message":"⌛ Validating config.wpgm","timeElapsed":164,"timestamp":"2025-12-16T10:17:59.136Z"}
{"level":"info","message":"⌛ Building environment","timeElapsed":149,"timestamp":"2025-12-16T10:17:59.285Z"}
{"level":"info","message":"⌛ Building environment","timeElapsed":157,"timestamp":"2025-12-16T10:17:59.450Z"}
{"level":"info","message":"⌛ Validating config.wpgm","timeElapsed":142,"timestamp":"2025-12-16T10:17:59.593Z"}
{"level":"info","message":"⌛ Validating config.wpgm","timeElapsed":187,"timestamp":"2025-12-16T10:17:59.785Z"}
{"level":"info","message":"⌛ Validating config.wpgm","timeElapsed":178,"timestamp":"2025-12-16T10:17:59.978Z"}
{"level":"info","message":"⌛ Building environment","timeElapsed":173,"timestamp":"2025-12-16T10:18:00.152Z"}
{"level":"error","message":"✘ Completions for node Return (undefined - config.wpgm) failed: Error: [Return]{2b659d} at config.wpgm:-- exhausted all cases without a match [Return]{2b659d} at config.wpgm:-- exhausted all cases without a match","stack":"Error: [Return]{2b659d} at config.wpgm:-- exhausted all cases without a match\n    at c:\\Users\\usuario\\.vscode\\extensions\\uqbar.wollok-lsp-ide-0.5.3\\out\\server\\src\\server.js:38:6142\n    at D2 (c:\\Users\\usuario\\.vscode\\extensions\\uqbar.wollok-lsp-ide-0.5.3\\out\\server\\src\\server.js:2384:42)\n    at Qh (c:\\Users\\usuario\\.vscode\\extensions\\uqbar.wollok-lsp-ide-0.5.3\\out\\server\\src\\server.js:2384:1092)\n    at k6n (c:\\Users\\usuario\\.vscode\\extensions\\uqbar.wollok-lsp-ide-0.5.3\\out\\server\\src\\server.js:2384:1248)\n    at c:\\Users\\usuario\\.vscode\\extensions\\uqbar.wollok-lsp-ide-0.5.3\\out\\server\\src\\server.js:38:6131\n    at D2 (c:\\Users\\usuario\\.vscode\\extensions\\uqbar.wollok-lsp-ide-0.5.3\\out\\server\\src\\server.js:2384:42)\n    at c:\\Users\\usuario\\.vscode\\extensions\\uqbar.wollok-lsp-ide-0.5.3\\out\\server\\src\\server.js:2384:2988\n    at c:\\Users\\usuario\\.vscode\\extensions\\uqbar.wollok-lsp-ide-0.5.3\\out\\server\\src\\server.js:2393:8440\n    at c:\\Users\\usuario\\.vscode\\extensions\\uqbar.wollok-lsp-ide-0.5.3\\out\\server\\src\\server.js:37:74872\n    at Ye (c:\\Users\\usuario\\.vscode\\extensions\\uqbar.wollok-lsp-ide-0.5.3\\out\\server\\src\\server.js:7:8527)","timestamp":"2025-12-16T10:18:00.190Z"}
{"level":"info","message":"⌛ Validating config.wpgm","timeElapsed":133,"timestamp":"2025-12-16T10:18:00.335Z"}
{"level":"info","message":"⌛ Building environment","timeElapsed":123,"timestamp":"2025-12-16T10:18:01.085Z"}
{"level":"info","message":"⌛ Building environment","timeElapsed":197,"timestamp":"2025-12-16T10:18:12.524Z"}
{"level":"info","message":"⌛ Validating config.wpgm","timeElapsed":150,"timestamp":"2025-12-16T10:18:12.675Z"}
{"level":"info","message":"⌛ Building environment","timeElapsed":144,"timestamp":"2025-12-16T10:18:13.315Z"}
{"level":"info","message":"⌛ Building environment","timeElapsed":153,"timestamp":"2025-12-16T10:18:13.505Z"}
{"level":"info","message":"⌛ Validating config.wpgm","timeElapsed":168,"timestamp":"2025-12-16T10:18:13.674Z"}
{"level":"info","message":"⌛ Validating config.wpgm","timeElapsed":166,"timestamp":"2025-12-16T10:18:13.909Z"}
{"level":"info","message":"⌛ Building environment","timeElapsed":266,"timestamp":"2025-12-16T10:18:14.175Z"}
{"level":"info","message":"⌛ Building environment","timeElapsed":182,"timestamp":"2025-12-16T10:18:14.358Z"}
{"level":"info","message":"⌛ Validating config.wpgm","timeElapsed":140,"timestamp":"2025-12-16T10:18:14.524Z"}
{"level":"info","message":"⌛ Validating config.wpgm","timeElapsed":119,"timestamp":"2025-12-16T10:18:14.652Z"}
{"level":"info","message":"⌛ Building environment","timeElapsed":137,"timestamp":"2025-12-16T10:18:14.891Z"}
{"level":"info","message":"⌛ Validating config.wpgm","timeElapsed":222,"timestamp":"2025-12-16T10:18:15.159Z"}
{"level":"info","message":"⌛ Building environment","timeElapsed":126,"timestamp":"2025-12-16T10:18:18.125Z"}
{"level":"info","message":"⌛ Validating config.wpgm","timeElapsed":137,"timestamp":"2025-12-16T10:18:18.292Z"}
{"level":"info","message":"⌛ Building environment","timeElapsed":179,"timestamp":"2025-12-16T10:18:18.483Z"}
{"level":"info","message":"⌛ Building environment","timeElapsed":184,"timestamp":"2025-12-16T10:18:18.669Z"}
{"level":"info","message":"⌛ Validating config.wpgm","timeElapsed":254,"timestamp":"2025-12-16T10:18:18.929Z"}
{"level":"info","message":"⌛ Building environment","timeElapsed":231,"timestamp":"2025-12-16T10:18:19.160Z"}
{"level":"info","message":"⌛ Building environment","timeElapsed":187,"timestamp":"2025-12-16T10:18:19.348Z"}
{"level":"info","message":"⌛ Validating config.wpgm","timeElapsed":192,"timestamp":"2025-12-16T10:18:19.541Z"}
{"level":"info","message":"⌛ Building environment","timeElapsed":167,"timestamp":"2025-12-16T10:18:19.709Z"}
{"level":"info","message":"⌛ Building environment","timeElapsed":195,"timestamp":"2025-12-16T10:18:19.906Z"}
{"level":"info","message":"⌛ Validating config.wpgm","timeElapsed":225,"timestamp":"2025-12-16T10:18:20.138Z"}
{"level":"info","message":"⌛ Building environment","timeElapsed":187,"timestamp":"2025-12-16T10:18:20.325Z"}
{"level":"info","message":"⌛ Building environment","timeElapsed":151,"timestamp":"2025-12-16T10:18:20.485Z"}
{"level":"info","message":"⌛ Building environment","timeElapsed":152,"timestamp":"2025-12-16T10:18:20.639Z"}
{"level":"info","message":"⌛ Building environment","timeElapsed":138,"timestamp":"2025-12-16T10:18:20.778Z"}
{"level":"info","message":"⌛ Validating config.wpgm","timeElapsed":129,"timestamp":"2025-12-16T10:18:20.908Z"}
{"level":"info","message":"⌛ Validating config.wpgm","timeElapsed":115,"timestamp":"2025-12-16T10:18:21.027Z"}
{"level":"info","message":"⌛ Building environment","timeElapsed":190,"timestamp":"2025-12-16T10:18:21.228Z"}
{"level":"info","message":"⌛ Validating config.wpgm","timeElapsed":151,"timestamp":"2025-12-16T10:18:21.384Z"}
{"level":"info","message":"⌛ Building environment","timeElapsed":164,"timestamp":"2025-12-16T10:18:21.557Z"}
{"level":"info","message":"⌛ Building environment","timeElapsed":146,"timestamp":"2025-12-16T10:18:21.715Z"}
{"level":"info","message":"⌛ Validating config.wpgm","timeElapsed":129,"timestamp":"2025-12-16T10:18:21.844Z"}
{"level":"info","message":"⌛ Validating config.wpgm","timeElapsed":116,"timestamp":"2025-12-16T10:18:21.973Z"}
{"level":"info","message":"⌛ Validating config.wpgm","timeElapsed":116,"timestamp":"2025-12-16T10:18:22.090Z"}
{"level":"info","message":"⌛ Validating config.wpgm","timeElapsed":107,"timestamp":"2025-12-16T10:18:22.196Z"}
{"level":"info","message":"⌛ Validating config.wpgm","timeElapsed":123,"timestamp":"2025-12-16T10:18:22.321Z"}
{"level":"info","message":"⌛ Validating config.wpgm","timeElapsed":123,"timestamp":"2025-12-16T10:18:22.451Z"}
{"level":"info","message":"⌛ Validating config.wpgm","timeElapsed":116,"timestamp":"2025-12-16T10:18:22.574Z"}
{"exitCode":"SIGHUP","level":"info","message":"👾 Game executed config.chuchugame on c:\\Users\\usuario\\Desktop\\backup wollok\\simuladortren","timeElapsed":104739,"timestamp":"2025-12-16T10:18:27.363Z"}
{"level":"info","message":"🚀 Program executed \u001b[3m\u001b[34mconfig.chuchugame\u001b[39m\u001b[23m on \u001b[3m\u001b[34mc:\\Users\\usuario\\Desktop\\backup wollok\\simuladortren\u001b[39m\u001b[23m","ok":true,"timeElapsed":820,"timestamp":"2025-12-16T10:18:31.059Z"}
{"exitCode":"SIGHUP","level":"info","message":"👾 Game executed config.chuchugame on c:\\Users\\usuario\\Desktop\\backup wollok\\simuladortren","timeElapsed":265953,"timestamp":"2025-12-16T10:22:56.204Z"}
{"level":"info","message":"⌛ Building environment","timeElapsed":781,"timestamp":"2025-12-16T10:23:18.732Z"}
{"level":"info","message":"⌛ Building environment","timeElapsed":374,"timestamp":"2025-12-16T10:23:19.113Z"}
{"level":"info","message":"⌛ Building environment","timeElapsed":286,"timestamp":"2025-12-16T10:23:20.373Z"}
{"level":"info","message":"⌛ Building environment","timeElapsed":318,"timestamp":"2025-12-16T10:23:20.763Z"}
{"level":"info","message":"⌛ Validating config.wpgm","timeElapsed":1332,"timestamp":"2025-12-16T10:23:22.100Z"}
{"level":"info","message":"⌛ Building environment","timeElapsed":321,"timestamp":"2025-12-16T10:23:22.423Z"}
{"level":"info","message":"⌛ Building environment","timeElapsed":285,"timestamp":"2025-12-16T10:23:22.709Z"}
{"level":"info","message":"⌛ Building environment","timeElapsed":251,"timestamp":"2025-12-16T10:23:23.039Z"}
{"level":"info","message":"⌛ Building environment","timeElapsed":166,"timestamp":"2025-12-16T10:23:23.206Z"}
{"level":"info","message":"⌛ Building environment","timeElapsed":150,"timestamp":"2025-12-16T10:23:23.384Z"}
{"level":"info","message":"⌛ Validating vias.wlk","timeElapsed":280,"timestamp":"2025-12-16T10:23:23.666Z"}
{"level":"info","message":"⌛ Validating trenes.wlk","timeElapsed":281,"timestamp":"2025-12-16T10:23:23.949Z"}
{"level":"info","message":"⌛ Validating textos.wlk","timeElapsed":570,"timestamp":"2025-12-16T10:23:27.203Z"}
{"level":"info","message":"⌛ Validating config.wpgm","timeElapsed":498,"timestamp":"2025-12-16T10:23:28.414Z"}
{"level":"info","message":"⌛ Validating vias.wlk","timeElapsed":234,"timestamp":"2025-12-16T10:23:28.651Z"}
{"level":"info","message":"⌛ Validating trenes.wlk","timeElapsed":328,"timestamp":"2025-12-16T10:23:28.979Z"}
{"level":"info","message":"⌛ Validating textos.wlk","timeElapsed":315,"timestamp":"2025-12-16T10:23:29.295Z"}
{"level":"info","message":"⌛ Validating tests.wtest","timeElapsed":335,"timestamp":"2025-12-16T10:23:29.630Z"}
{"level":"info","message":"⌛ Validating mainExample.wpgm","timeElapsed":327,"timestamp":"2025-12-16T10:23:29.959Z"}
{"level":"info","message":"⌛ Validating example.wlk","timeElapsed":367,"timestamp":"2025-12-16T10:23:30.326Z"}
{"level":"info","message":"🚀 Program executed \u001b[3m\u001b[34mconfig.chuchugame\u001b[39m\u001b[23m on \u001b[3m\u001b[34mc:\\Users\\usuario\\Desktop\\backup wollok\\simuladortren\u001b[39m\u001b[23m","ok":true,"timeElapsed":1075,"timestamp":"2025-12-16T10:23:42.745Z"}
{"level":"error","message":"✘ Failed to rebuild document Failed to parse config.wpgm: \n-- PARSING FAILED --------------------------------------------------\n\n  30 |       identificacion = \"TR3\",\n  31 |       image = \"tren8.png\"\n> 32 |   )\n     |   ^\n  33 | \n  34 |   const tren4 = new Trenes(\n\nExpected one of the following: \n\n'!=', '!==', '%', '&&', '*', '**', '+', '-', '->', '.', '..', '..<', '/', ';', '<', '<<', '<<<', '<=', '<=>', '<>', '==', '===', '>', '>..', '>=', '>>', '>>>', '?:', 'and', 'or', '{', '||', '}', comment, sentence, whitespace\n","stack":"Error: Failed to parse config.wpgm: \n-- PARSING FAILED --------------------------------------------------\n\n  30 |       identificacion = \"TR3\",\n  31 |       image = \"tren8.png\"\n> 32 |   )\n     |   ^\n  33 | \n  34 |   const tren4 = new Trenes(\n\nExpected one of the following: \n\n'!=', '!==', '%', '&&', '*', '**', '+', '-', '->', '.', '..', '..<', '/', ';', '<', '<<', '<<<', '<=', '<=>', '<>', '==', '===', '>', '>..', '>=', '>>', '>>>', '?:', 'and', 'or', '{', '||', '}', comment, sentence, whitespace\n\n    at c:\\Users\\usuario\\.vscode\\extensions\\uqbar.wollok-lsp-ide-0.5.3\\out\\server\\src\\server.js:2348:13026\n    at Array.map (<anonymous>)\n    at W1n (c:\\Users\\usuario\\.vscode\\extensions\\uqbar.wollok-lsp-ide-0.5.3\\out\\server\\src\\server.js:2348:12950)\n    at U2.buildEnvironmentFrom (c:\\Users\\usuario\\.vscode\\extensions\\uqbar.wollok-lsp-ide-0.5.3\\out\\server\\src\\server.js:2393:5254)\n    at U2.updateEnvironmentWith (c:\\Users\\usuario\\.vscode\\extensions\\uqbar.wollok-lsp-ide-0.5.3\\out\\server\\src\\server.js:2393:4989)\n    at JF (c:\\Users\\usuario\\.vscode\\extensions\\uqbar.wollok-lsp-ide-0.5.3\\out\\server\\src\\server.js:2393:7383)\n    at F3.invoke (c:\\Users\\usuario\\.vscode\\extensions\\uqbar.wollok-lsp-ide-0.5.3\\out\\server\\src\\server.js:3:157334)\n    at o.fire (c:\\Users\\usuario\\.vscode\\extensions\\uqbar.wollok-lsp-ide-0.5.3\\out\\server\\src\\server.js:3:158104)\n    at c:\\Users\\usuario\\.vscode\\extensions\\uqbar.wollok-lsp-ide-0.5.3\\out\\server\\src\\server.js:37:57871\n    at Zr (c:\\Users\\usuario\\.vscode\\extensions\\uqbar.wollok-lsp-ide-0.5.3\\out\\server\\src\\server.js:8:1561)","timestamp":"2025-12-16T10:24:21.688Z"}
{"level":"info","message":"⌛ Building environment","timeElapsed":297,"timestamp":"2025-12-16T10:24:22.253Z"}
{"level":"info","message":"⌛ Validating config.wpgm","timeElapsed":238,"timestamp":"2025-12-16T10:24:22.530Z"}
{"exitCode":"SIGHUP","level":"info","message":"👾 Game executed config.chuchugame on c:\\Users\\usuario\\Desktop\\backup wollok\\simuladortren","timeElapsed":43071,"timestamp":"2025-12-16T10:24:24.737Z"}
{"level":"info","message":"🚀 Program executed \u001b[3m\u001b[34mconfig.chuchugame\u001b[39m\u001b[23m on \u001b[3m\u001b[34mc:\\Users\\usuario\\Desktop\\backup wollok\\simuladortren\u001b[39m\u001b[23m","ok":true,"timeElapsed":1070,"timestamp":"2025-12-16T10:24:29.084Z"}
{"level":"error","message":"✘ Failed to rebuild document Failed to parse config.wpgm: \n-- PARSING FAILED --------------------------------------------------\n\n  30 |       identificacion = \"TR3\",\n  31 |       image = \"tren8.png\"\n> 32 |   )\n     |   ^\n  33 | \n  34 |   const tren4 = new Trenes(\n\nExpected one of the following: \n\n'!=', '!==', '%', '&&', '*', '**', '+', '-', '->', '.', '..', '..<', '/', ';', '<', '<<', '<<<', '<=', '<=>', '<>', '==', '===', '>', '>..', '>=', '>>', '>>>', '?:', 'and', 'or', '{', '||', '}', comment, sentence, whitespace\n","stack":"Error: Failed to parse config.wpgm: \n-- PARSING FAILED --------------------------------------------------\n\n  30 |       identificacion = \"TR3\",\n  31 |       image = \"tren8.png\"\n> 32 |   )\n     |   ^\n  33 | \n  34 |   const tren4 = new Trenes(\n\nExpected one of the following: \n\n'!=', '!==', '%', '&&', '*', '**', '+', '-', '->', '.', '..', '..<', '/', ';', '<', '<<', '<<<', '<=', '<=>', '<>', '==', '===', '>', '>..', '>=', '>>', '>>>', '?:', 'and', 'or', '{', '||', '}', comment, sentence, whitespace\n\n    at c:\\Users\\usuario\\.vscode\\extensions\\uqbar.wollok-lsp-ide-0.5.3\\out\\server\\src\\server.js:2348:13026\n    at Array.map (<anonymous>)\n    at W1n (c:\\Users\\usuario\\.vscode\\extensions\\uqbar.wollok-lsp-ide-0.5.3\\out\\server\\src\\server.js:2348:12950)\n    at U2.buildEnvironmentFrom (c:\\Users\\usuario\\.vscode\\extensions\\uqbar.wollok-lsp-ide-0.5.3\\out\\server\\src\\server.js:2393:5254)\n    at U2.updateEnvironmentWith (c:\\Users\\usuario\\.vscode\\extensions\\uqbar.wollok-lsp-ide-0.5.3\\out\\server\\src\\server.js:2393:4989)\n    at JF (c:\\Users\\usuario\\.vscode\\extensions\\uqbar.wollok-lsp-ide-0.5.3\\out\\server\\src\\server.js:2393:7383)\n    at F3.invoke (c:\\Users\\usuario\\.vscode\\extensions\\uqbar.wollok-lsp-ide-0.5.3\\out\\server\\src\\server.js:3:157334)\n    at o.fire (c:\\Users\\usuario\\.vscode\\extensions\\uqbar.wollok-lsp-ide-0.5.3\\out\\server\\src\\server.js:3:158104)\n    at c:\\Users\\usuario\\.vscode\\extensions\\uqbar.wollok-lsp-ide-0.5.3\\out\\server\\src\\server.js:37:57871\n    at Zr (c:\\Users\\usuario\\.vscode\\extensions\\uqbar.wollok-lsp-ide-0.5.3\\out\\server\\src\\server.js:8:1561)","timestamp":"2025-12-16T10:25:12.180Z"}
{"level":"info","message":"⌛ Building environment","timeElapsed":297,"timestamp":"2025-12-16T10:25:12.515Z"}
{"level":"info","message":"⌛ Validating config.wpgm","timeElapsed":305,"timestamp":"2025-12-16T10:25:12.943Z"}
{"exitCode":"SIGHUP","level":"info","message":"👾 Game executed config.chuchugame on c:\\Users\\usuario\\Desktop\\backup wollok\\simuladortren","timeElapsed":47902,"timestamp":"2025-12-16T10:25:15.915Z"}
{"level":"info","message":"🚀 Program executed \u001b[3m\u001b[34mconfig.chuchugame\u001b[39m\u001b[23m on \u001b[3m\u001b[34mc:\\Users\\usuario\\Desktop\\backup wollok\\simuladortren\u001b[39m\u001b[23m","ok":true,"timeElapsed":933,"timestamp":"2025-12-16T10:25:19.819Z"}
{"level":"info","message":"⌛ Building environment","timeElapsed":251,"timestamp":"2025-12-16T10:27:04.746Z"}
{"level":"error","message":"✘ Completions for node NamedArgument ([29:7, 29:24] - config.wpgm) failed: Error: [NamedArgument]{4b8749} at config.wpgm:29 exhausted all cases without a match [NamedArgument]{4b8749} at config.wpgm:29 exhausted all cases without a match","stack":"Error: [NamedArgument]{4b8749} at config.wpgm:29 exhausted all cases without a match\n    at c:\\Users\\usuario\\.vscode\\extensions\\uqbar.wollok-lsp-ide-0.5.3\\out\\server\\src\\server.js:38:6142\n    at D2 (c:\\Users\\usuario\\.vscode\\extensions\\uqbar.wollok-lsp-ide-0.5.3\\out\\server\\src\\server.js:2384:42)\n    at Qh (c:\\Users\\usuario\\.vscode\\extensions\\uqbar.wollok-lsp-ide-0.5.3\\out\\server\\src\\server.js:2384:1092)\n    at k6n (c:\\Users\\usuario\\.vscode\\extensions\\uqbar.wollok-lsp-ide-0.5.3\\out\\server\\src\\server.js:2384:1248)\n    at c:\\Users\\usuario\\.vscode\\extensions\\uqbar.wollok-lsp-ide-0.5.3\\out\\server\\src\\server.js:38:6131\n    at D2 (c:\\Users\\usuario\\.vscode\\extensions\\uqbar.wollok-lsp-ide-0.5.3\\out\\server\\src\\server.js:2384:42)\n    at c:\\Users\\usuario\\.vscode\\extensions\\uqbar.wollok-lsp-ide-0.5.3\\out\\server\\src\\server.js:2384:2988\n    at c:\\Users\\usuario\\.vscode\\extensions\\uqbar.wollok-lsp-ide-0.5.3\\out\\server\\src\\server.js:2393:8440\n    at c:\\Users\\usuario\\.vscode\\extensions\\uqbar.wollok-lsp-ide-0.5.3\\out\\server\\src\\server.js:37:74872\n    at Ye (c:\\Users\\usuario\\.vscode\\extensions\\uqbar.wollok-lsp-ide-0.5.3\\out\\server\\src\\server.js:7:8527)","timestamp":"2025-12-16T10:27:04.800Z"}
{"level":"info","message":"⌛ Building environment","timeElapsed":388,"timestamp":"2025-12-16T10:27:05.193Z"}
{"level":"info","message":"⌛ Building environment","timeElapsed":361,"timestamp":"2025-12-16T10:27:05.560Z"}
{"level":"info","message":"⌛ Validating config.wpgm","timeElapsed":256,"timestamp":"2025-12-16T10:27:05.820Z"}
{"level":"info","message":"⌛ Building environment","timeElapsed":293,"timestamp":"2025-12-16T10:27:06.113Z"}
{"level":"info","message":"⌛ Building environment","timeElapsed":233,"timestamp":"2025-12-16T10:27:06.347Z"}
{"level":"info","message":"⌛ Building environment","timeElapsed":199,"timestamp":"2025-12-16T10:27:06.547Z"}
{"level":"info","message":"⌛ Validating config.wpgm","timeElapsed":218,"timestamp":"2025-12-16T10:27:06.859Z"}
{"level":"info","message":"⌛ Validating config.wpgm","timeElapsed":210,"timestamp":"2025-12-16T10:27:07.070Z"}
{"level":"error","message":"✘ Failed to rebuild document Failed to parse config.wpgm: \n-- PARSING FAILED --------------------------------------------------\n\n  30 |       identificacion = \"TR3\",\n  31 |       image = \"tren8.png\"\n> 32 |   )\n     |   ^\n  33 | \n  34 |   const tren4 = new Trenes(\n\nExpected one of the following: \n\n'!=', '!==', '%', '&&', '*', '**', '+', '-', '->', '.', '..', '..<', '/', ';', '<', '<<', '<<<', '<=', '<=>', '<>', '==', '===', '>', '>..', '>=', '>>', '>>>', '?:', 'and', 'or', '{', '||', '}', comment, sentence, whitespace\n","stack":"Error: Failed to parse config.wpgm: \n-- PARSING FAILED --------------------------------------------------\n\n  30 |       identificacion = \"TR3\",\n  31 |       image = \"tren8.png\"\n> 32 |   )\n     |   ^\n  33 | \n  34 |   const tren4 = new Trenes(\n\nExpected one of the following: \n\n'!=', '!==', '%', '&&', '*', '**', '+', '-', '->', '.', '..', '..<', '/', ';', '<', '<<', '<<<', '<=', '<=>', '<>', '==', '===', '>', '>..', '>=', '>>', '>>>', '?:', 'and', 'or', '{', '||', '}', comment, sentence, whitespace\n\n    at c:\\Users\\usuario\\.vscode\\extensions\\uqbar.wollok-lsp-ide-0.5.3\\out\\server\\src\\server.js:2348:13026\n    at Array.map (<anonymous>)\n    at W1n (c:\\Users\\usuario\\.vscode\\extensions\\uqbar.wollok-lsp-ide-0.5.3\\out\\server\\src\\server.js:2348:12950)\n    at U2.buildEnvironmentFrom (c:\\Users\\usuario\\.vscode\\extensions\\uqbar.wollok-lsp-ide-0.5.3\\out\\server\\src\\server.js:2393:5254)\n    at U2.updateEnvironmentWith (c:\\Users\\usuario\\.vscode\\extensions\\uqbar.wollok-lsp-ide-0.5.3\\out\\server\\src\\server.js:2393:4989)\n    at JF (c:\\Users\\usuario\\.vscode\\extensions\\uqbar.wollok-lsp-ide-0.5.3\\out\\server\\src\\server.js:2393:7383)\n    at F3.invoke (c:\\Users\\usuario\\.vscode\\extensions\\uqbar.wollok-lsp-ide-0.5.3\\out\\server\\src\\server.js:3:157334)\n    at o.fire (c:\\Users\\usuario\\.vscode\\extensions\\uqbar.wollok-lsp-ide-0.5.3\\out\\server\\src\\server.js:3:158104)\n    at c:\\Users\\usuario\\.vscode\\extensions\\uqbar.wollok-lsp-ide-0.5.3\\out\\server\\src\\server.js:37:57871\n    at Zr (c:\\Users\\usuario\\.vscode\\extensions\\uqbar.wollok-lsp-ide-0.5.3\\out\\server\\src\\server.js:8:1561)","timestamp":"2025-12-16T10:27:07.106Z"}
{"level":"error","message":"✘ Failed to rebuild document Failed to parse config.wpgm: \n-- PARSING FAILED --------------------------------------------------\n\n  30 |       identificacion = \"TR3\",\n  31 |       image = \"tren8.png\"\n> 32 |   )\n     |   ^\n  33 | \n  34 |   const tren4 = new Trenes(\n\nExpected one of the following: \n\n'!=', '!==', '%', '&&', '*', '**', '+', '-', '->', '.', '..', '..<', '/', ';', '<', '<<', '<<<', '<=', '<=>', '<>', '==', '===', '>', '>..', '>=', '>>', '>>>', '?:', 'and', 'or', '{', '||', '}', comment, sentence, whitespace\n","stack":"Error: Failed to parse config.wpgm: \n-- PARSING FAILED --------------------------------------------------\n\n  30 |       identificacion = \"TR3\",\n  31 |       image = \"tren8.png\"\n> 32 |   )\n     |   ^\n  33 | \n  34 |   const tren4 = new Trenes(\n\nExpected one of the following: \n\n'!=', '!==', '%', '&&', '*', '**', '+', '-', '->', '.', '..', '..<', '/', ';', '<', '<<', '<<<', '<=', '<=>', '<>', '==', '===', '>', '>..', '>=', '>>', '>>>', '?:', 'and', 'or', '{', '||', '}', comment, sentence, whitespace\n\n    at c:\\Users\\usuario\\.vscode\\extensions\\uqbar.wollok-lsp-ide-0.5.3\\out\\server\\src\\server.js:2348:13026\n    at Array.map (<anonymous>)\n    at W1n (c:\\Users\\usuario\\.vscode\\extensions\\uqbar.wollok-lsp-ide-0.5.3\\out\\server\\src\\server.js:2348:12950)\n    at U2.buildEnvironmentFrom (c:\\Users\\usuario\\.vscode\\extensions\\uqbar.wollok-lsp-ide-0.5.3\\out\\server\\src\\server.js:2393:5254)\n    at U2.updateEnvironmentWith (c:\\Users\\usuario\\.vscode\\extensions\\uqbar.wollok-lsp-ide-0.5.3\\out\\server\\src\\server.js:2393:4989)\n    at JF (c:\\Users\\usuario\\.vscode\\extensions\\uqbar.wollok-lsp-ide-0.5.3\\out\\server\\src\\server.js:2393:7383)\n    at F3.invoke (c:\\Users\\usuario\\.vscode\\extensions\\uqbar.wollok-lsp-ide-0.5.3\\out\\server\\src\\server.js:3:157334)\n    at o.fire (c:\\Users\\usuario\\.vscode\\extensions\\uqbar.wollok-lsp-ide-0.5.3\\out\\server\\src\\server.js:3:158104)\n    at c:\\Users\\usuario\\.vscode\\extensions\\uqbar.wollok-lsp-ide-0.5.3\\out\\server\\src\\server.js:37:57871\n    at Zr (c:\\Users\\usuario\\.vscode\\extensions\\uqbar.wollok-lsp-ide-0.5.3\\out\\server\\src\\server.js:8:1561)","timestamp":"2025-12-16T10:27:07.121Z"}
{"level":"info","message":"⌛ Validating config.wpgm","timeElapsed":203,"timestamp":"2025-12-16T10:27:07.324Z"}
{"level":"info","message":"⌛ Validating config.wpgm","timeElapsed":379,"timestamp":"2025-12-16T10:27:07.717Z"}
{"level":"info","message":"⌛ Validating config.wpgm","timeElapsed":200,"timestamp":"2025-12-16T10:27:07.918Z"}
{"level":"error","message":"✘ Failed to rebuild document Failed to parse config.wpgm: \n-- PARSING FAILED --------------------------------------------------\n\n  30 |       identificacion = \"TR3\",\n  31 |       image = \"tren8.png\"\n> 32 |   )\n     |   ^\n  33 | \n  34 |   const tren4 = new Trenes(\n\nExpected one of the following: \n\n'!=', '!==', '%', '&&', '*', '**', '+', '-', '->', '.', '..', '..<', '/', ';', '<', '<<', '<<<', '<=', '<=>', '<>', '==', '===', '>', '>..', '>=', '>>', '>>>', '?:', 'and', 'or', '{', '||', '}', comment, sentence, whitespace\n","stack":"Error: Failed to parse config.wpgm: \n-- PARSING FAILED --------------------------------------------------\n\n  30 |       identificacion = \"TR3\",\n  31 |       image = \"tren8.png\"\n> 32 |   )\n     |   ^\n  33 | \n  34 |   const tren4 = new Trenes(\n\nExpected one of the following: \n\n'!=', '!==', '%', '&&', '*', '**', '+', '-', '->', '.', '..', '..<', '/', ';', '<', '<<', '<<<', '<=', '<=>', '<>', '==', '===', '>', '>..', '>=', '>>', '>>>', '?:', 'and', 'or', '{', '||', '}', comment, sentence, whitespace\n\n    at c:\\Users\\usuario\\.vscode\\extensions\\uqbar.wollok-lsp-ide-0.5.3\\out\\server\\src\\server.js:2348:13026\n    at Array.map (<anonymous>)\n    at W1n (c:\\Users\\usuario\\.vscode\\extensions\\uqbar.wollok-lsp-ide-0.5.3\\out\\server\\src\\server.js:2348:12950)\n    at U2.buildEnvironmentFrom (c:\\Users\\usuario\\.vscode\\extensions\\uqbar.wollok-lsp-ide-0.5.3\\out\\server\\src\\server.js:2393:5254)\n    at U2.updateEnvironmentWith (c:\\Users\\usuario\\.vscode\\extensions\\uqbar.wollok-lsp-ide-0.5.3\\out\\server\\src\\server.js:2393:4989)\n    at JF (c:\\Users\\usuario\\.vscode\\extensions\\uqbar.wollok-lsp-ide-0.5.3\\out\\server\\src\\server.js:2393:7383)\n    at F3.invoke (c:\\Users\\usuario\\.vscode\\extensions\\uqbar.wollok-lsp-ide-0.5.3\\out\\server\\src\\server.js:3:157334)\n    at o.fire (c:\\Users\\usuario\\.vscode\\extensions\\uqbar.wollok-lsp-ide-0.5.3\\out\\server\\src\\server.js:3:158104)\n    at c:\\Users\\usuario\\.vscode\\extensions\\uqbar.wollok-lsp-ide-0.5.3\\out\\server\\src\\server.js:37:57871\n    at Zr (c:\\Users\\usuario\\.vscode\\extensions\\uqbar.wollok-lsp-ide-0.5.3\\out\\server\\src\\server.js:8:1561)","timestamp":"2025-12-16T10:27:07.936Z"}
{"level":"error","message":"✘ Failed to rebuild document Failed to parse config.wpgm: \n-- PARSING FAILED --------------------------------------------------\n\n  30 |       identificacion = \"TR3\",\n  31 |       image = \"tren8.png\"\n> 32 |   )\n     |   ^\n  33 | \n  34 |   const tren4 = new Trenes(\n\nExpected one of the following: \n\n'!=', '!==', '%', '&&', '*', '**', '+', '-', '->', '.', '..', '..<', '/', ';', '<', '<<', '<<<', '<=', '<=>', '<>', '==', '===', '>', '>..', '>=', '>>', '>>>', '?:', 'and', 'or', '{', '||', '}', comment, sentence, whitespace\n","stack":"Error: Failed to parse config.wpgm: \n-- PARSING FAILED --------------------------------------------------\n\n  30 |       identificacion = \"TR3\",\n  31 |       image = \"tren8.png\"\n> 32 |   )\n     |   ^\n  33 | \n  34 |   const tren4 = new Trenes(\n\nExpected one of the following: \n\n'!=', '!==', '%', '&&', '*', '**', '+', '-', '->', '.', '..', '..<', '/', ';', '<', '<<', '<<<', '<=', '<=>', '<>', '==', '===', '>', '>..', '>=', '>>', '>>>', '?:', 'and', 'or', '{', '||', '}', comment, sentence, whitespace\n\n    at c:\\Users\\usuario\\.vscode\\extensions\\uqbar.wollok-lsp-ide-0.5.3\\out\\server\\src\\server.js:2348:13026\n    at Array.map (<anonymous>)\n    at W1n (c:\\Users\\usuario\\.vscode\\extensions\\uqbar.wollok-lsp-ide-0.5.3\\out\\server\\src\\server.js:2348:12950)\n    at U2.buildEnvironmentFrom (c:\\Users\\usuario\\.vscode\\extensions\\uqbar.wollok-lsp-ide-0.5.3\\out\\server\\src\\server.js:2393:5254)\n    at U2.updateEnvironmentWith (c:\\Users\\usuario\\.vscode\\extensions\\uqbar.wollok-lsp-ide-0.5.3\\out\\server\\src\\server.js:2393:4989)\n    at JF (c:\\Users\\usuario\\.vscode\\extensions\\uqbar.wollok-lsp-ide-0.5.3\\out\\server\\src\\server.js:2393:7383)\n    at F3.invoke (c:\\Users\\usuario\\.vscode\\extensions\\uqbar.wollok-lsp-ide-0.5.3\\out\\server\\src\\server.js:3:157334)\n    at o.fire (c:\\Users\\usuario\\.vscode\\extensions\\uqbar.wollok-lsp-ide-0.5.3\\out\\server\\src\\server.js:3:158104)\n    at c:\\Users\\usuario\\.vscode\\extensions\\uqbar.wollok-lsp-ide-0.5.3\\out\\server\\src\\server.js:37:57871\n    at Zr (c:\\Users\\usuario\\.vscode\\extensions\\uqbar.wollok-lsp-ide-0.5.3\\out\\server\\src\\server.js:8:1561)","timestamp":"2025-12-16T10:27:08.005Z"}
{"level":"error","message":"✘ Failed to rebuild document Failed to parse config.wpgm: \n-- PARSING FAILED --------------------------------------------------\n\n  30 |       identificacion = \"TR3\",\n  31 |       image = \"tren8.png\"\n> 32 |   )\n     |   ^\n  33 | \n  34 |   const tren4 = new Trenes(\n\nExpected one of the following: \n\n'!=', '!==', '%', '&&', '*', '**', '+', '-', '->', '.', '..', '..<', '/', ';', '<', '<<', '<<<', '<=', '<=>', '<>', '==', '===', '>', '>..', '>=', '>>', '>>>', '?:', 'and', 'or', '{', '||', '}', comment, sentence, whitespace\n","stack":"Error: Failed to parse config.wpgm: \n-- PARSING FAILED --------------------------------------------------\n\n  30 |       identificacion = \"TR3\",\n  31 |       image = \"tren8.png\"\n> 32 |   )\n     |   ^\n  33 | \n  34 |   const tren4 = new Trenes(\n\nExpected one of the following: \n\n'!=', '!==', '%', '&&', '*', '**', '+', '-', '->', '.', '..', '..<', '/', ';', '<', '<<', '<<<', '<=', '<=>', '<>', '==', '===', '>', '>..', '>=', '>>', '>>>', '?:', 'and', 'or', '{', '||', '}', comment, sentence, whitespace\n\n    at c:\\Users\\usuario\\.vscode\\extensions\\uqbar.wollok-lsp-ide-0.5.3\\out\\server\\src\\server.js:2348:13026\n    at Array.map (<anonymous>)\n    at W1n (c:\\Users\\usuario\\.vscode\\extensions\\uqbar.wollok-lsp-ide-0.5.3\\out\\server\\src\\server.js:2348:12950)\n    at U2.buildEnvironmentFrom (c:\\Users\\usuario\\.vscode\\extensions\\uqbar.wollok-lsp-ide-0.5.3\\out\\server\\src\\server.js:2393:5254)\n    at U2.updateEnvironmentWith (c:\\Users\\usuario\\.vscode\\extensions\\uqbar.wollok-lsp-ide-0.5.3\\out\\server\\src\\server.js:2393:4989)\n    at JF (c:\\Users\\usuario\\.vscode\\extensions\\uqbar.wollok-lsp-ide-0.5.3\\out\\server\\src\\server.js:2393:7383)\n    at F3.invoke (c:\\Users\\usuario\\.vscode\\extensions\\uqbar.wollok-lsp-ide-0.5.3\\out\\server\\src\\server.js:3:157334)\n    at o.fire (c:\\Users\\usuario\\.vscode\\extensions\\uqbar.wollok-lsp-ide-0.5.3\\out\\server\\src\\server.js:3:158104)\n    at c:\\Users\\usuario\\.vscode\\extensions\\uqbar.wollok-lsp-ide-0.5.3\\out\\server\\src\\server.js:37:57871\n    at Zr (c:\\Users\\usuario\\.vscode\\extensions\\uqbar.wollok-lsp-ide-0.5.3\\out\\server\\src\\server.js:8:1561)","timestamp":"2025-12-16T10:27:08.049Z"}
{"level":"info","message":"⌛ Building environment","timeElapsed":156,"timestamp":"2025-12-16T10:27:10.437Z"}
{"level":"info","message":"⌛ Validating config.wpgm","timeElapsed":141,"timestamp":"2025-12-16T10:27:10.579Z"}
{"level":"info","message":"⌛ Building environment","timeElapsed":206,"timestamp":"2025-12-16T10:27:16.572Z"}
{"level":"info","message":"⌛ Validating config.wpgm","timeElapsed":257,"timestamp":"2025-12-16T10:27:16.838Z"}
{"exitCode":"SIGHUP","level":"info","message":"👾 Game executed config.chuchugame on c:\\Users\\usuario\\Desktop\\backup wollok\\simuladortren","timeElapsed":120677,"timestamp":"2025-12-16T10:27:19.559Z"}
{"level":"info","message":"🚀 Program executed \u001b[3m\u001b[34mconfig.chuchugame\u001b[39m\u001b[23m on \u001b[3m\u001b[34mc:\\Users\\usuario\\Desktop\\backup wollok\\simuladortren\u001b[39m\u001b[23m","ok":true,"timeElapsed":1073,"timestamp":"2025-12-16T10:27:24.148Z"}
